[debug] [2026-01-24T05:52:23.778Z] ----------------------------------------------------------------------
[debug] [2026-01-24T05:52:23.781Z] Command:       C:\Program Files\nodejs\node.exe C:\Users\유범석\AppData\Roaming\npm\node_modules\firebase-tools\lib\bin\firebase.js deploy --only hosting --debug
[debug] [2026-01-24T05:52:23.781Z] CLI Version:   15.3.1
[debug] [2026-01-24T05:52:23.781Z] Platform:      win32
[debug] [2026-01-24T05:52:23.781Z] Node Version:  v22.19.0
[debug] [2026-01-24T05:52:23.782Z] Time:          Sat Jan 24 2026 14:52:23 GMT+0900 (대한민국 표준시)
[debug] [2026-01-24T05:52:23.782Z] ----------------------------------------------------------------------
[debug] 
[debug] [2026-01-24T05:52:25.973Z] > command requires scopes: ["email","openid","https://www.googleapis.com/auth/cloudplatformprojects.readonly","https://www.googleapis.com/auth/firebase","https://www.googleapis.com/auth/cloud-platform"]
[debug] [2026-01-24T05:52:25.975Z] > authorizing via signed-in user (bsyoo1974@gmail.com)
[debug] [2026-01-24T05:52:25.975Z] [iam] checking project astraforge-adc-platform for permissions ["firebase.projects.get","firebasehosting.sites.update"]
[debug] [2026-01-24T05:52:25.977Z] Checked if tokens are valid: true, expires at: 1769236710573
[debug] [2026-01-24T05:52:25.977Z] Checked if tokens are valid: true, expires at: 1769236710573
[debug] [2026-01-24T05:52:25.978Z] >>> [apiv2][query] POST https://cloudresourcemanager.googleapis.com/v1/projects/astraforge-adc-platform:testIamPermissions [none]
[debug] [2026-01-24T05:52:25.978Z] >>> [apiv2][(partial)header] POST https://cloudresourcemanager.googleapis.com/v1/projects/astraforge-adc-platform:testIamPermissions x-goog-quota-user=projects/astraforge-adc-platform
[debug] [2026-01-24T05:52:25.978Z] >>> [apiv2][body] POST https://cloudresourcemanager.googleapis.com/v1/projects/astraforge-adc-platform:testIamPermissions {"permissions":["firebase.projects.get","firebasehosting.sites.update"]}
[debug] [2026-01-24T05:52:26.272Z] <<< [apiv2][status] POST https://cloudresourcemanager.googleapis.com/v1/projects/astraforge-adc-platform:testIamPermissions 200
[debug] [2026-01-24T05:52:26.272Z] <<< [apiv2][body] POST https://cloudresourcemanager.googleapis.com/v1/projects/astraforge-adc-platform:testIamPermissions {"permissions":["firebase.projects.get","firebasehosting.sites.update"]}
[debug] [2026-01-24T05:52:26.273Z] Checked if tokens are valid: true, expires at: 1769236710573
[debug] [2026-01-24T05:52:26.273Z] Checked if tokens are valid: true, expires at: 1769236710573
[debug] [2026-01-24T05:52:26.273Z] >>> [apiv2][query] GET https://firebase.googleapis.com/v1beta1/projects/astraforge-adc-platform [none]
[debug] [2026-01-24T05:52:26.652Z] <<< [apiv2][status] GET https://firebase.googleapis.com/v1beta1/projects/astraforge-adc-platform 200
[debug] [2026-01-24T05:52:26.652Z] <<< [apiv2][body] GET https://firebase.googleapis.com/v1beta1/projects/astraforge-adc-platform {"projectId":"astraforge-adc-platform","projectNumber":"1049677353312","displayName":"astraforge-adc-platform","name":"projects/astraforge-adc-platform","resources":{"hostingSite":"astraforge-adc-platform"},"state":"ACTIVE","etag":"1_766c92a7-6231-4def-be97-100b4ff588e6"}
[info] 
[info] === Deploying to 'astraforge-adc-platform'...
[info] 
[info] i  deploying hosting 
[debug] [2026-01-24T05:52:26.658Z] Checked if tokens are valid: true, expires at: 1769236710573
[debug] [2026-01-24T05:52:26.658Z] Checked if tokens are valid: true, expires at: 1769236710573
[debug] [2026-01-24T05:52:26.658Z] >>> [apiv2][query] POST https://firebasehosting.googleapis.com/v1beta1/projects/-/sites/astraforge-adc-platform/versions [none]
[debug] [2026-01-24T05:52:26.658Z] >>> [apiv2][body] POST https://firebasehosting.googleapis.com/v1beta1/projects/-/sites/astraforge-adc-platform/versions {"status":"CREATED","labels":{"deployment-tool":"cli-firebase"}}
[debug] [2026-01-24T05:52:28.000Z] <<< [apiv2][status] POST https://firebasehosting.googleapis.com/v1beta1/projects/-/sites/astraforge-adc-platform/versions 200
[debug] [2026-01-24T05:52:28.000Z] <<< [apiv2][body] POST https://firebasehosting.googleapis.com/v1beta1/projects/-/sites/astraforge-adc-platform/versions {"name":"projects/1049677353312/sites/astraforge-adc-platform/versions/22c9b9cc0f892212","status":"CREATED","config":{},"labels":{"deployment-tool":"cli-firebase"}}
[info] i  hosting[astraforge-adc-platform]: beginning deploy... 
[info] i  hosting[astraforge-adc-platform]: found 5 files in frontend/dist 
[debug] [2026-01-24T05:52:28.013Z] [hosting] uploading with 200 concurrency
[debug] [2026-01-24T05:52:28.056Z] Checked if tokens are valid: true, expires at: 1769236710573
[debug] [2026-01-24T05:52:28.056Z] Checked if tokens are valid: true, expires at: 1769236710573
[debug] [2026-01-24T05:52:28.058Z] [hosting] hash cache [ZnJvbnRlbmRcZGlzdA] stored for 5 files
[debug] [2026-01-24T05:52:28.058Z] [hosting][hash queue][FINAL] {"max":40,"min":1,"avg":10,"active":0,"complete":5,"success":5,"errored":0,"retried":0,"total":5,"elapsed":44}
[debug] [2026-01-24T05:52:28.058Z] >>> [apiv2][query] POST https://firebasehosting.googleapis.com/v1beta1/projects/1049677353312/sites/astraforge-adc-platform/versions/22c9b9cc0f892212:populateFiles [none]
[debug] [2026-01-24T05:52:28.058Z] >>> [apiv2][body] POST https://firebasehosting.googleapis.com/v1beta1/projects/1049677353312/sites/astraforge-adc-platform/versions/22c9b9cc0f892212:populateFiles {"files":{"/vite.svg":"699a02e0e68a579f687d364bbbe7633161244f35af068220aee37b1b33dfb3c7","/1.mp4":"a041783cf29cee65bdee947399bb54433b22fcb075a2fbd75fd6b694fd082ef6","/index.html":"030ba0f2d19e7ebca5b2d5242ef26c73a7b924e6886ffe618441845fcea1fe5d","/assets/index-DzsDJIaN.css":"79f18b238f5861d87d16a23610cab7e6ba644ca1fc62a289ea4446fc4591d3d4","/assets/index-BGyfz4pS.js":"ebef82588ce52e67069a2a96f858a8cd7f44e4590cfa654bca9186861b826c42"}}
[debug] [2026-01-24T05:52:28.336Z] <<< [apiv2][status] POST https://firebasehosting.googleapis.com/v1beta1/projects/1049677353312/sites/astraforge-adc-platform/versions/22c9b9cc0f892212:populateFiles 200
[debug] [2026-01-24T05:52:28.336Z] <<< [apiv2][body] POST https://firebasehosting.googleapis.com/v1beta1/projects/1049677353312/sites/astraforge-adc-platform/versions/22c9b9cc0f892212:populateFiles {"uploadUrl":"https://upload-firebasehosting.googleapis.com/upload/sites/astraforge-adc-platform/versions/22c9b9cc0f892212/files"}
[debug] [2026-01-24T05:52:28.336Z] [hosting][populate queue][FINAL] {"max":280,"min":280,"avg":280,"active":0,"complete":1,"success":1,"errored":0,"retried":0,"total":1,"elapsed":280}
[debug] [2026-01-24T05:52:28.337Z] [hosting] uploads queued: 0
[debug] [2026-01-24T05:52:28.337Z] [hosting][upload queue][FINAL] {"max":0,"min":9999999999,"avg":0,"active":0,"complete":0,"success":0,"errored":0,"retried":0,"total":0,"elapsed":1769233948337}
[info] i  hosting: upload complete 
[info] +  hosting[astraforge-adc-platform]: file upload complete 
[debug] [2026-01-24T05:52:28.338Z] [hosting] deploy completed after 335ms
[debug] [2026-01-24T05:52:28.338Z] [
  {
    "config": {
      "site": "astraforge-adc-platform",
      "public": "frontend/dist",
      "ignore": [
        "firebase.json",
        "**/.*",
        "**/node_modules/**"
      ],
      "rewrites": [
        {
          "source": "**",
          "destination": "/index.html"
        }
      ],
      "headers": [
        {
          "source": "**/*.@(js|css)",
          "headers": [
            {
              "key": "Cache-Control",
              "value": "public, max-age=31536000, immutable"
            }
          ]
        },
        {
          "source": "**/*.@(jpg|jpeg|png|gif|webp|svg|ico)",
          "headers": [
            {
              "key": "Cache-Control",
              "value": "public, max-age=86400"
            }
          ]
        }
      ]
    },
    "version": "projects/1049677353312/sites/astraforge-adc-platform/versions/22c9b9cc0f892212"
  }
]
[info] i  hosting[astraforge-adc-platform]: finalizing version... 
[debug] [2026-01-24T05:52:28.340Z] Checked if tokens are valid: true, expires at: 1769236710573
[debug] [2026-01-24T05:52:28.340Z] Checked if tokens are valid: true, expires at: 1769236710573
[debug] [2026-01-24T05:52:28.340Z] >>> [apiv2][query] PATCH https://firebasehosting.googleapis.com/v1beta1/projects/-/sites/astraforge-adc-platform/versions/22c9b9cc0f892212 updateMask=status%2Cconfig
[debug] [2026-01-24T05:52:28.341Z] >>> [apiv2][body] PATCH https://firebasehosting.googleapis.com/v1beta1/projects/-/sites/astraforge-adc-platform/versions/22c9b9cc0f892212 {"status":"FINALIZED","config":{"rewrites":[{"glob":"**","path":"/index.html"}],"headers":[{"glob":"**/*.@(js|css)","headers":{"Cache-Control":"public, max-age=31536000, immutable"}},{"glob":"**/*.@(jpg|jpeg|png|gif|webp|svg|ico)","headers":{"Cache-Control":"public, max-age=86400"}}]}}
[debug] [2026-01-24T05:52:28.594Z] <<< [apiv2][status] PATCH https://firebasehosting.googleapis.com/v1beta1/projects/-/sites/astraforge-adc-platform/versions/22c9b9cc0f892212 200
[debug] [2026-01-24T05:52:28.595Z] <<< [apiv2][body] PATCH https://firebasehosting.googleapis.com/v1beta1/projects/-/sites/astraforge-adc-platform/versions/22c9b9cc0f892212 {"name":"projects/1049677353312/sites/astraforge-adc-platform/versions/22c9b9cc0f892212","status":"FINALIZED","config":{"headers":[{"headers":{"Cache-Control":"public, max-age=31536000, immutable"},"glob":"**/*.@(js|css)"},{"headers":{"Cache-Control":"public, max-age=86400"},"glob":"**/*.@(jpg|jpeg|png|gif|webp|svg|ico)"}],"rewrites":[{"glob":"**","path":"/index.html"}]},"labels":{"deployment-tool":"cli-firebase"},"createTime":"2026-01-24T05:52:28.198697Z","createUser":{"email":"bsyoo1974@gmail.com"},"finalizeTime":"2026-01-24T05:52:29.031806Z","finalizeUser":{"email":"bsyoo1974@gmail.com"}}
[debug] [2026-01-24T05:52:28.595Z] [hosting] finalized version for astraforge-adc-platform:[object Object]
[info] +  hosting[astraforge-adc-platform]: version finalized 
[info] i  hosting[astraforge-adc-platform]: releasing new version... 
[debug] [2026-01-24T05:52:28.596Z] Checked if tokens are valid: true, expires at: 1769236710573
[debug] [2026-01-24T05:52:28.596Z] Checked if tokens are valid: true, expires at: 1769236710573
[debug] [2026-01-24T05:52:28.596Z] >>> [apiv2][query] POST https://firebasehosting.googleapis.com/v1beta1/projects/-/sites/astraforge-adc-platform/channels/live/releases versionName=projects%2F1049677353312%2Fsites%2Fastraforge-adc-platform%2Fversions%2F22c9b9cc0f892212
[debug] [2026-01-24T05:52:28.596Z] >>> [apiv2][body] POST https://firebasehosting.googleapis.com/v1beta1/projects/-/sites/astraforge-adc-platform/channels/live/releases {}
[debug] [2026-01-24T05:52:28.870Z] <<< [apiv2][status] POST https://firebasehosting.googleapis.com/v1beta1/projects/-/sites/astraforge-adc-platform/channels/live/releases 200
[debug] [2026-01-24T05:52:28.871Z] <<< [apiv2][body] POST https://firebasehosting.googleapis.com/v1beta1/projects/-/sites/astraforge-adc-platform/channels/live/releases {"name":"projects/1049677353312/sites/astraforge-adc-platform/channels/live/releases/1769233948772000","version":{"name":"projects/1049677353312/sites/astraforge-adc-platform/versions/22c9b9cc0f892212","status":"FINALIZED","config":{"headers":[{"headers":{"Cache-Control":"public, max-age=31536000, immutable"},"glob":"**/*.@(js|css)"},{"headers":{"Cache-Control":"public, max-age=86400"},"glob":"**/*.@(jpg|jpeg|png|gif|webp|svg|ico)"}],"rewrites":[{"glob":"**","path":"/index.html"}]},"labels":{"deployment-tool":"cli-firebase"},"createTime":"2026-01-24T05:52:28.198697Z","createUser":{"email":"bsyoo1974@gmail.com","imageUrl":"https://lh3.googleusercontent.com/a/ACg8ocJs5z2C3S7W_T8ngwp_oVwrvXgT87sOqfJUhNe4Kdn9jgneSuY"},"finalizeTime":"2026-01-24T05:52:29.031806Z","finalizeUser":{"email":"bsyoo1974@gmail.com","imageUrl":"https://lh3.googleusercontent.com/a/ACg8ocJs5z2C3S7W_T8ngwp_oVwrvXgT87sOqfJUhNe4Kdn9jgneSuY"}},"type":"DEPLOY","releaseTime":"2026-01-24T05:52:28.772Z","releaseUser":{"email":"bsyoo1974@gmail.com","imageUrl":"https://lh3.googleusercontent.com/a/ACg8ocJs5z2C3S7W_T8ngwp_oVwrvXgT87sOqfJUhNe4Kdn9jgneSuY"}}
[debug] [2026-01-24T05:52:28.871Z] [hosting] release: {"name":"projects/1049677353312/sites/astraforge-adc-platform/channels/live/releases/1769233948772000","version":{"name":"projects/1049677353312/sites/astraforge-adc-platform/versions/22c9b9cc0f892212","status":"FINALIZED","config":{"headers":[{"headers":{"Cache-Control":"public, max-age=31536000, immutable"},"glob":"**/*.@(js|css)"},{"headers":{"Cache-Control":"public, max-age=86400"},"glob":"**/*.@(jpg|jpeg|png|gif|webp|svg|ico)"}],"rewrites":[{"glob":"**","path":"/index.html"}]},"labels":{"deployment-tool":"cli-firebase"},"createTime":"2026-01-24T05:52:28.198697Z","createUser":{"email":"bsyoo1974@gmail.com","imageUrl":"https://lh3.googleusercontent.com/a/ACg8ocJs5z2C3S7W_T8ngwp_oVwrvXgT87sOqfJUhNe4Kdn9jgneSuY"},"finalizeTime":"2026-01-24T05:52:29.031806Z","finalizeUser":{"email":"bsyoo1974@gmail.com","imageUrl":"https://lh3.googleusercontent.com/a/ACg8ocJs5z2C3S7W_T8ngwp_oVwrvXgT87sOqfJUhNe4Kdn9jgneSuY"}},"type":"DEPLOY","releaseTime":"2026-01-24T05:52:28.772Z","releaseUser":{"email":"bsyoo1974@gmail.com","imageUrl":"https://lh3.googleusercontent.com/a/ACg8ocJs5z2C3S7W_T8ngwp_oVwrvXgT87sOqfJUhNe4Kdn9jgneSuY"}}
[info] +  hosting[astraforge-adc-platform]: release complete 
[info] 
[info] +  Deploy complete! 
[info] 
[info] Project Console: https://console.firebase.google.com/project/astraforge-adc-platform/overview
[info] Hosting URL: https://astraforge-adc-platform.web.app
