2026-01-27 10:03:18,385 - INFO - 🚀 [CB PAYLOAD] Starting FULL Harvest (Pages 1-8). Limit: 10000
2026-01-27 10:03:24,042 - INFO - 🌐 Launching Browser (Headless)
2026-01-27 10:03:24,255 - INFO - 📄 Processing Page 1: https://www.creative-biolabs.com/adc/classify-adc-toxins-6.htm?page=1
2026-01-27 10:03:34,675 - INFO - 🔎 Found 122 products on page 1
2026-01-27 10:03:34,683 - INFO - Processing: https://www.creative-biolabs.com/adc/10-deacetyl-7-xylosyl-paclitaxel-704.htm
2026-01-27 10:03:36,241 - WARNING - ⚠️ Cat No not found in specs. Generated: CBL-ADC-704
2026-01-27 10:03:37,007 - INFO - ✅ Saved: CBL-ADC-704 (10-Deacetyl-7-xylosyl paclitaxel (CAT#: ADC-P-001))
2026-01-27 10:03:37,014 - INFO - 💤 Sleeping 6.8s...
2026-01-27 10:03:43,867 - INFO - Processing: https://www.creative-biolabs.com/adc/3d-cell-culture.htm
2026-01-27 10:03:44,747 - ERROR - ❌ Could not determine Cat No for https://www.creative-biolabs.com/adc/3d-cell-culture.htm
2026-01-27 10:03:44,752 - INFO - 💤 Sleeping 6.7s...
2026-01-27 10:03:51,489 - INFO - Processing: https://www.creative-biolabs.com/adc/3d-in-vitro.htm
2026-01-27 10:03:52,382 - ERROR - ❌ Could not determine Cat No for https://www.creative-biolabs.com/adc/3d-in-vitro.htm
2026-01-27 10:03:52,387 - INFO - 💤 Sleeping 8.0s...
2026-01-27 10:04:00,408 - INFO - Processing: https://www.creative-biolabs.com/adc/about.htm
2026-01-27 10:04:01,119 - ERROR - ❌ Could not determine Cat No for https://www.creative-biolabs.com/adc/about.htm
2026-01-27 10:04:01,123 - INFO - 💤 Sleeping 6.0s...
2026-01-27 10:04:07,153 - INFO - Processing: https://www.creative-biolabs.com/adc/adc-antibody-screening.htm
2026-01-27 10:04:08,002 - ERROR - ❌ Could not determine Cat No for https://www.creative-biolabs.com/adc/adc-antibody-screening.htm
2026-01-27 10:04:08,007 - INFO - 💤 Sleeping 8.8s...
2026-01-27 10:04:16,800 - INFO - Processing: https://www.creative-biolabs.com/adc/adc-biochemical-analysis.htm
2026-01-27 10:04:17,662 - ERROR - ❌ Could not determine Cat No for https://www.creative-biolabs.com/adc/adc-biochemical-analysis.htm
2026-01-27 10:04:17,667 - INFO - 💤 Sleeping 9.2s...
2026-01-27 10:04:26,878 - INFO - Processing: https://www.creative-biolabs.com/adc/adc-development-for-breast-cancer.htm
2026-01-27 10:04:27,781 - ERROR - ❌ Could not determine Cat No for https://www.creative-biolabs.com/adc/adc-development-for-breast-cancer.htm
2026-01-27 10:04:27,789 - INFO - 💤 Sleeping 9.6s...
2026-01-27 10:04:37,348 - INFO - Processing: https://www.creative-biolabs.com/adc/adc-development-for-cervical-cancer.htm
2026-01-27 10:04:38,264 - ERROR - ❌ Could not determine Cat No for https://www.creative-biolabs.com/adc/adc-development-for-cervical-cancer.htm
2026-01-27 10:04:38,271 - INFO - 💤 Sleeping 9.9s...
2026-01-27 10:04:48,158 - INFO - Processing: https://www.creative-biolabs.com/adc/adc-development-for-gastrointestinal-cancer.htm
2026-01-27 10:04:49,026 - ERROR - ❌ Could not determine Cat No for https://www.creative-biolabs.com/adc/adc-development-for-gastrointestinal-cancer.htm
2026-01-27 10:04:49,032 - INFO - 💤 Sleeping 7.3s...
2026-01-27 10:06:41,633 - INFO - 🚀 [CB PAYLOAD] Starting FULL Harvest (Pages 1-8). Limit: 10000
2026-01-27 10:06:42,122 - INFO - 🌐 Launching Browser (Headless)
2026-01-27 10:06:42,225 - INFO - 📄 Processing Page 1: https://www.creative-biolabs.com/adc/classify-adc-toxins-6.htm?page=1
2026-01-27 10:06:49,534 - INFO - 🔎 Found 28 products on page 1
2026-01-27 10:06:49,541 - INFO - Processing: https://www.creative-biolabs.com/adc/10-deacetyl-7-xylosyl-paclitaxel-704.htm
2026-01-27 10:06:51,507 - INFO - ✅ Saved: ADC-P-001 | CAS: 90332-63-1 | Name: 10-Deacetyl-7-xylosyl paclitaxel (
2026-01-27 10:06:51,514 - INFO - 💤 Sleeping 3.8s...
2026-01-27 10:06:55,288 - INFO - Processing: https://www.creative-biolabs.com/adc/alpha-amanitin-705.htm
2026-01-27 10:06:56,777 - INFO - ✅ Saved: ADC-P-002 | CAS: 23109-05-9 | Name: alpha-Amanitin (
2026-01-27 10:06:56,785 - INFO - 💤 Sleeping 3.4s...
2026-01-27 10:07:00,220 - INFO - Processing: https://www.creative-biolabs.com/adc/ansamitocin-p-3-706.htm
2026-01-27 10:07:01,537 - INFO - ✅ Saved: ADC-P-003 | CAS: 66584-72-3 | Name: Ansamitocin P-3 (
2026-01-27 10:07:01,547 - INFO - 💤 Sleeping 3.9s...
2026-01-27 10:07:05,448 - INFO - Processing: https://www.creative-biolabs.com/adc/auristatin-e-707.htm
2026-01-27 10:07:06,672 - INFO - ✅ Saved: ADC-P-004 | CAS: 160800-57-7 | Name: Auristatin E (
2026-01-27 10:07:06,699 - INFO - 💤 Sleeping 4.0s...
2026-01-27 10:07:10,678 - INFO - Processing: https://www.creative-biolabs.com/adc/auristatin-f-708.htm
2026-01-27 10:07:12,177 - INFO - ✅ Saved: ADC-P-005 | CAS: 163768-50-1 | Name: Auristatin F (
2026-01-27 10:07:12,218 - INFO - 💤 Sleeping 3.9s...
2026-01-27 10:07:16,161 - INFO - Processing: https://www.creative-biolabs.com/adc/calicheamicin-709.htm
2026-01-27 10:07:17,382 - INFO - ✅ Saved: ADC-P-006 | CAS: 108212-75-5 | Name: Calicheamicin (
2026-01-27 10:07:17,434 - INFO - 💤 Sleeping 6.2s...
2026-01-27 10:07:23,622 - INFO - Processing: https://www.creative-biolabs.com/adc/campathecin-710.htm
2026-01-27 10:07:24,846 - INFO - ✅ Saved: ADC-P-007 | CAS: 2114454 | Name: Campathecin (
2026-01-27 10:07:24,877 - INFO - 💤 Sleeping 5.2s...
2026-01-27 10:07:30,058 - INFO - Processing: https://www.creative-biolabs.com/adc/classify-adc-toxins-6.htm
2026-01-27 10:07:31,133 - WARNING - ⚠️ Cat No not found in specs/title. Generated: CBL-ADC-6
2026-01-27 10:07:31,235 - INFO - ✅ Saved: CBL-ADC-6 | CAS: None | Name: ADC Toxin Products
2026-01-27 10:07:31,242 - INFO - 💤 Sleeping 6.9s...
2026-01-27 10:07:38,190 - INFO - Processing: https://www.creative-biolabs.com/adc/classify-anti-drug-abs-4.htm
2026-01-27 10:07:39,005 - WARNING - ⚠️ Cat No not found in specs/title. Generated: CBL-ADC-4
2026-01-27 10:07:39,090 - INFO - ✅ Saved: CBL-ADC-4 | CAS: None | Name: Anti-Drug Antibody Products
2026-01-27 10:07:39,105 - INFO - 💤 Sleeping 5.5s...
2026-01-27 10:07:44,644 - INFO - Processing: https://www.creative-biolabs.com/adc/classify-druglnk-linker-payloads-2.htm
2026-01-27 10:07:45,434 - WARNING - ⚠️ Cat No not found in specs/title. Generated: CBL-ADC-2
2026-01-27 10:07:45,547 - INFO - ✅ Saved: CBL-ADC-2 | CAS: None | Name: DrugLnk™ Linker-Payload Products
2026-01-27 10:07:45,553 - INFO - 💤 Sleeping 5.9s...
2026-01-27 10:07:51,482 - INFO - Processing: https://www.creative-biolabs.com/adc/classify-fluorescent-dyes-10.htm
2026-01-27 10:07:52,186 - WARNING - ⚠️ Cat No not found in specs/title. Generated: CBL-ADC-10
2026-01-27 10:07:52,263 - INFO - ✅ Saved: CBL-ADC-10 | CAS: None | Name: Fluorescent Dye Products
2026-01-27 10:07:52,267 - INFO - 💤 Sleeping 5.5s...
2026-01-27 10:07:57,789 - INFO - Processing: https://www.creative-biolabs.com/adc/classify-products-5.htm
2026-01-27 10:07:58,597 - WARNING - ⚠️ Cat No not found in specs/title. Generated: CBL-ADC-5
2026-01-27 10:07:58,705 - INFO - ✅ Saved: CBL-ADC-5 | CAS: None | Name: Products
2026-01-27 10:07:58,711 - INFO - 💤 Sleeping 4.3s...
2026-01-27 10:08:03,000 - INFO - Processing: https://www.creative-biolabs.com/adc/d8-mmae-711.htm
2026-01-27 10:08:04,501 - INFO - ✅ Saved: ADC-P-008 | CAS: None | Name: D8-MMAE (
2026-01-27 10:08:04,530 - INFO - 💤 Sleeping 5.6s...
2026-01-27 10:08:10,088 - INFO - Processing: https://www.creative-biolabs.com/adc/daun02-712.htm
2026-01-27 10:08:11,256 - INFO - ✅ Saved: ADC-P-009 | CAS: 290304-24-4 | Name: Daun02 (
2026-01-27 10:08:11,287 - INFO - 💤 Sleeping 4.3s...
2026-01-27 10:08:15,631 - INFO - Processing: https://www.creative-biolabs.com/adc/daunorubicin-713.htm
2026-01-27 10:08:16,756 - INFO - ✅ Saved: ADC-P-010 | CAS: 20830-81-3 | Name: Daunorubicin (
2026-01-27 10:08:16,782 - INFO - 💤 Sleeping 4.1s...
2026-01-27 10:08:20,930 - INFO - Processing: https://www.creative-biolabs.com/adc/dm1-736.htm
2026-01-27 10:08:22,078 - INFO - ✅ Saved: ADC-P-033 | CAS: 139504-50-0 | Name: DM1 (
2026-01-27 10:08:22,112 - INFO - 💤 Sleeping 3.4s...
2026-01-27 10:08:25,467 - INFO - Processing: https://www.creative-biolabs.com/adc/dm4-737.htm
2026-01-27 10:08:26,754 - INFO - ✅ Saved: ADC-P-034 | CAS: 799840-96-3 | Name: DM4 (
2026-01-27 10:08:26,760 - INFO - 💤 Sleeping 3.2s...
2026-01-27 10:08:30,003 - INFO - Processing: https://www.creative-biolabs.com/adc/dolastatin-10-715.htm
2026-01-27 10:08:31,294 - INFO - ✅ Saved: ADC-P-012 | CAS: 110417-88-4 | Name: Dolastatin 10 (
2026-01-27 10:08:31,338 - INFO - 💤 Sleeping 5.9s...
2026-01-27 10:08:37,238 - INFO - Processing: https://www.creative-biolabs.com/adc/maytansinol-718.htm
2026-01-27 10:08:38,378 - INFO - ✅ Saved: ADC-P-015 | CAS: 57103-68-1 | Name: Maytansinol (
2026-01-27 10:08:38,415 - INFO - 💤 Sleeping 4.3s...
2026-01-27 10:08:42,717 - INFO - Processing: https://www.creative-biolabs.com/adc/mmad-721.htm
2026-01-27 10:08:43,865 - INFO - ✅ Saved: ADC-P-018 | CAS: 203849-91-6 | Name: MMAD (
2026-01-27 10:08:43,890 - INFO - 💤 Sleeping 4.1s...
2026-01-27 10:08:47,982 - INFO - Processing: https://www.creative-biolabs.com/adc/mmaf-723.htm
2026-01-27 10:08:49,223 - INFO - ✅ Saved: ADC-P-020 | CAS: 745017-94-1 | Name: MMAF (
2026-01-27 10:08:49,272 - INFO - 💤 Sleeping 7.0s...
2026-01-27 10:08:56,252 - INFO - Processing: https://www.creative-biolabs.com/adc/monomethyl-auristatin-e-725.htm
2026-01-27 10:08:57,566 - INFO - ✅ Saved: ADC-P-022 | CAS: 474645-27-7 | Name: Monomethyl auristatin E (
2026-01-27 10:08:57,573 - INFO - 💤 Sleeping 4.4s...
2026-01-27 10:09:01,977 - INFO - Processing: https://www.creative-biolabs.com/adc/pyrrolobenzodiazepine-dimer-834.htm
2026-01-27 10:09:03,347 - INFO - ✅ Saved: ADC-P-132 | CAS: None | Name: Pyrrolobenzodiazepine Dimer (
2026-01-27 10:09:03,354 - INFO - 💤 Sleeping 5.6s...
2026-01-27 10:09:08,963 - INFO - Processing: https://www.creative-biolabs.com/adc/sandramycin-839.htm
2026-01-27 10:09:10,360 - INFO - ✅ Saved: ADC-P-137 | CAS: 100940-65-6 | Name: Sandramycin (
2026-01-27 10:09:10,366 - INFO - 💤 Sleeping 3.0s...
2026-01-27 10:09:13,409 - INFO - Processing: https://www.creative-biolabs.com/adc/saporin-848.htm
2026-01-27 10:09:14,660 - INFO - ✅ Saved: ADC-P-146 | CAS: None | Name: Saporin (
2026-01-27 10:09:14,667 - INFO - 💤 Sleeping 4.1s...
2026-01-27 10:09:18,808 - INFO - Processing: https://www.creative-biolabs.com/adc/target-list-anti-ab-adcs-3.htm
2026-01-27 10:09:19,673 - WARNING - ⚠️ Cat No not found in specs/title. Generated: CBL-ADC-3
2026-01-27 10:09:19,765 - INFO - ✅ Saved: CBL-ADC-3 | CAS: None | Name: Anti-Ab ADC Products
2026-01-27 10:09:19,770 - INFO - 💤 Sleeping 5.9s...
2026-01-27 10:09:25,715 - INFO - Processing: https://www.creative-biolabs.com/adc/target-list-customized-adcs-1.htm
2026-01-27 10:09:26,532 - WARNING - ⚠️ Cat No not found in specs/title. Generated: CBL-ADC-1
2026-01-27 10:09:26,630 - INFO - ✅ Saved: CBL-ADC-1 | CAS: None | Name: Customized ADC Products
2026-01-27 10:09:26,642 - INFO - 💤 Sleeping 3.6s...
2026-01-27 10:09:30,272 - INFO - Processing: https://www.creative-biolabs.com/adc/target-list-customized-fluoroab-9.htm
2026-01-27 10:09:31,240 - WARNING - ⚠️ Cat No not found in specs/title. Generated: CBL-ADC-9
2026-01-27 10:09:31,273 - INFO - ✅ Saved: CBL-ADC-9 | CAS: None | Name: Customized FluoroAb™ Products
2026-01-27 10:09:31,279 - INFO - 💤 Sleeping 6.5s...
2026-01-27 10:09:37,748 - INFO - 📄 Processing Page 2: https://www.creative-biolabs.com/adc/classify-adc-toxins-6.htm?page=2
2026-01-27 10:09:43,859 - INFO - 🔎 Found 28 products on page 2
2026-01-27 10:09:43,866 - INFO - Processing: https://www.creative-biolabs.com/adc/boc-val-dil-dap-doe-741.htm
2026-01-27 10:09:45,069 - INFO - ✅ Saved: ADC-P-038 | CAS: None | Name: Boc-Val-Dil-Dap-Doe (
2026-01-27 10:09:45,096 - INFO - 💤 Sleeping 3.1s...
2026-01-27 10:09:48,241 - INFO - Processing: https://www.creative-biolabs.com/adc/boc-val-dil-dap-oh-739.htm
2026-01-27 10:09:49,747 - INFO - ✅ Saved: ADC-P-036 | CAS: None | Name: Boc-Val-Dil-Dap-OH (
2026-01-27 10:09:49,754 - INFO - 💤 Sleeping 5.1s...
2026-01-27 10:09:54,837 - INFO - Processing: https://www.creative-biolabs.com/adc/boc-val-dil-dap-phe-ome-740.htm
2026-01-27 10:09:56,155 - INFO - ✅ Saved: ADC-P-037 | CAS: None | Name: Boc-Val-Dil-Dap-Phe-Ome (
2026-01-27 10:09:56,164 - INFO - 💤 Sleeping 5.7s...
2026-01-27 10:10:01,823 - INFO - Processing: https://www.creative-biolabs.com/adc/classify-adc-toxins-6.htm
2026-01-27 10:10:02,859 - WARNING - ⚠️ Cat No not found in specs/title. Generated: CBL-ADC-6
2026-01-27 10:10:02,959 - INFO - ✅ Saved: CBL-ADC-6 | CAS: None | Name: ADC Toxin Products
2026-01-27 10:10:02,964 - INFO - 💤 Sleeping 5.1s...
2026-01-27 10:11:41,523 - INFO - 🚀 [CB PAYLOAD] Starting FULL Harvest (Pages 1-8). Limit: 10000
2026-01-27 10:11:42,027 - INFO - 🌐 Launching Browser (Headless)
2026-01-27 10:11:42,128 - INFO - 📄 Processing Page 1: https://www.creative-biolabs.com/adc/classify-adc-toxins-6.htm?page=1
2026-01-27 10:11:49,580 - INFO - 🔎 Found 23 products on page 1
2026-01-27 10:11:49,588 - INFO - Processing: https://www.creative-biolabs.com/adc/10-deacetyl-7-xylosyl-paclitaxel-704.htm
2026-01-27 10:11:51,712 - INFO - ✅ Saved: ADC-P-001 | CAS: 90332-63-1 | Name: 10-Deacetyl-7-xylosyl paclitaxel
2026-01-27 10:11:51,719 - INFO - 💤 Sleeping 5.5s...
2026-01-27 10:11:57,194 - INFO - Processing: https://www.creative-biolabs.com/adc/alpha-amanitin-705.htm
2026-01-27 10:11:58,583 - INFO - ✅ Saved: ADC-P-002 | CAS: 23109-05-9 | Name: alpha-Amanitin
2026-01-27 10:11:58,590 - INFO - 💤 Sleeping 6.5s...
2026-01-27 10:12:05,113 - INFO - Processing: https://www.creative-biolabs.com/adc/ansamitocin-p-3-706.htm
2026-01-27 10:12:06,452 - INFO - ✅ Saved: ADC-P-003 | CAS: 66584-72-3 | Name: Ansamitocin P-3
2026-01-27 10:12:06,459 - INFO - 💤 Sleeping 6.7s...
2026-01-27 10:12:13,137 - INFO - Processing: https://www.creative-biolabs.com/adc/auristatin-e-707.htm
2026-01-27 10:12:14,461 - INFO - ✅ Saved: ADC-P-004 | CAS: 160800-57-7 | Name: Auristatin E
2026-01-27 10:12:14,479 - INFO - 💤 Sleeping 3.5s...
2026-01-27 10:12:18,006 - INFO - Processing: https://www.creative-biolabs.com/adc/auristatin-f-708.htm
2026-01-27 10:12:19,165 - INFO - ✅ Saved: ADC-P-005 | CAS: 163768-50-1 | Name: Auristatin F
2026-01-27 10:12:19,210 - INFO - 💤 Sleeping 6.3s...
2026-01-27 10:12:25,556 - INFO - Processing: https://www.creative-biolabs.com/adc/calicheamicin-709.htm
2026-01-27 10:12:26,712 - INFO - ✅ Saved: ADC-P-006 | CAS: 108212-75-5 | Name: Calicheamicin
2026-01-27 10:12:26,759 - INFO - 💤 Sleeping 5.8s...
2026-01-27 10:12:32,579 - INFO - Processing: https://www.creative-biolabs.com/adc/campathecin-710.htm
2026-01-27 10:12:33,837 - INFO - ✅ Saved: ADC-P-007 | CAS: 2114454 | Name: Campathecin
2026-01-27 10:12:33,864 - INFO - 💤 Sleeping 3.5s...
2026-01-27 10:12:37,343 - INFO - Processing: https://www.creative-biolabs.com/adc/d8-mmae-711.htm
2026-01-27 10:12:38,655 - INFO - ✅ Saved: ADC-P-008 | CAS: None | Name: D8-MMAE
2026-01-27 10:12:38,663 - INFO - 💤 Sleeping 4.1s...
2026-01-27 10:12:42,726 - INFO - Processing: https://www.creative-biolabs.com/adc/daun02-712.htm
2026-01-27 10:12:44,118 - INFO - ✅ Saved: ADC-P-009 | CAS: 290304-24-4 | Name: Daun02
2026-01-27 10:12:44,132 - INFO - 💤 Sleeping 5.7s...
2026-01-27 10:12:49,882 - INFO - Processing: https://www.creative-biolabs.com/adc/daunorubicin-713.htm
2026-01-27 10:12:51,429 - INFO - ✅ Saved: ADC-P-010 | CAS: 20830-81-3 | Name: Daunorubicin
2026-01-27 10:12:51,437 - INFO - 💤 Sleeping 6.6s...
2026-01-27 10:12:58,028 - INFO - Processing: https://www.creative-biolabs.com/adc/dm1-736.htm
2026-01-27 10:12:59,388 - INFO - ✅ Saved: ADC-P-033 | CAS: 139504-50-0 | Name: DM1
2026-01-27 10:12:59,395 - INFO - 💤 Sleeping 3.0s...
2026-01-27 10:13:02,446 - INFO - Processing: https://www.creative-biolabs.com/adc/dm4-737.htm
2026-01-27 10:13:03,656 - INFO - ✅ Saved: ADC-P-034 | CAS: 799840-96-3 | Name: DM4
2026-01-27 10:13:03,681 - INFO - 💤 Sleeping 5.5s...
2026-01-27 10:13:09,174 - INFO - Processing: https://www.creative-biolabs.com/adc/dolastatin-10-715.htm
2026-01-27 10:13:10,535 - INFO - ✅ Saved: ADC-P-012 | CAS: 110417-88-4 | Name: Dolastatin 10
2026-01-27 10:13:10,575 - INFO - 💤 Sleeping 3.9s...
2026-01-27 10:13:14,516 - INFO - Processing: https://www.creative-biolabs.com/adc/maytansinol-718.htm
2026-01-27 10:13:15,845 - INFO - ✅ Saved: ADC-P-015 | CAS: 57103-68-1 | Name: Maytansinol
2026-01-27 10:13:15,887 - INFO - 💤 Sleeping 5.6s...
2026-01-27 10:13:21,523 - INFO - Processing: https://www.creative-biolabs.com/adc/mmad-721.htm
2026-01-27 10:13:22,761 - INFO - ✅ Saved: ADC-P-018 | CAS: 203849-91-6 | Name: MMAD
2026-01-27 10:13:22,771 - INFO - 💤 Sleeping 4.2s...
2026-01-27 10:13:26,939 - INFO - Processing: https://www.creative-biolabs.com/adc/mmaf-723.htm
2026-01-27 10:13:28,290 - INFO - ✅ Saved: ADC-P-020 | CAS: 745017-94-1 | Name: MMAF
2026-01-27 10:13:28,324 - INFO - 💤 Sleeping 6.5s...
2026-01-27 10:13:34,836 - INFO - Processing: https://www.creative-biolabs.com/adc/monomethyl-auristatin-e-725.htm
2026-01-27 10:13:36,126 - INFO - ✅ Saved: ADC-P-022 | CAS: 474645-27-7 | Name: Monomethyl auristatin E
2026-01-27 10:13:36,163 - INFO - 💤 Sleeping 5.5s...
2026-01-27 10:13:41,703 - INFO - Processing: https://www.creative-biolabs.com/adc/pyrrolobenzodiazepine-dimer-834.htm
2026-01-27 10:13:42,995 - INFO - ✅ Saved: ADC-P-132 | CAS: None | Name: Pyrrolobenzodiazepine Dimer
2026-01-27 10:13:43,005 - INFO - 💤 Sleeping 6.4s...
2026-01-27 10:13:49,386 - INFO - Processing: https://www.creative-biolabs.com/adc/sandramycin-839.htm
2026-01-27 10:13:50,787 - INFO - ✅ Saved: ADC-P-137 | CAS: 100940-65-6 | Name: Sandramycin
2026-01-27 10:13:50,794 - INFO - 💤 Sleeping 4.2s...
2026-01-27 10:13:55,034 - INFO - Processing: https://www.creative-biolabs.com/adc/saporin-848.htm
2026-01-27 10:13:56,360 - INFO - ✅ Saved: ADC-P-146 | CAS: None | Name: Saporin
2026-01-27 10:13:56,405 - INFO - 💤 Sleeping 5.6s...
2026-01-27 10:14:01,997 - INFO - Processing: https://www.creative-biolabs.com/adc/target-list-anti-ab-adcs-3.htm
2026-01-27 10:14:02,955 - WARNING - ⚠️ Cat No not found in specs/title. Generated: CBL-ADC-3
2026-01-27 10:14:03,045 - INFO - ✅ Saved: CBL-ADC-3 | CAS: None | Name: Anti-Ab ADC Products
2026-01-27 10:14:03,050 - INFO - 💤 Sleeping 3.2s...
2026-01-27 10:14:06,280 - INFO - Processing: https://www.creative-biolabs.com/adc/target-list-customized-adcs-1.htm
2026-01-27 10:14:07,178 - WARNING - ⚠️ Cat No not found in specs/title. Generated: CBL-ADC-1
2026-01-27 10:14:07,213 - INFO - ✅ Saved: CBL-ADC-1 | CAS: None | Name: Customized ADC Products
2026-01-27 10:14:07,219 - INFO - 💤 Sleeping 6.2s...
2026-01-27 10:14:13,408 - INFO - Processing: https://www.creative-biolabs.com/adc/target-list-customized-fluoroab-9.htm
2026-01-27 10:14:14,306 - WARNING - ⚠️ Cat No not found in specs/title. Generated: CBL-ADC-9
2026-01-27 10:14:14,408 - INFO - ✅ Saved: CBL-ADC-9 | CAS: None | Name: Customized FluoroAb™ Products
2026-01-27 10:14:14,414 - INFO - 💤 Sleeping 5.9s...
2026-01-27 10:14:20,287 - INFO - 📄 Processing Page 2: https://www.creative-biolabs.com/adc/classify-adc-toxins-6.htm?page=2
2026-01-27 10:14:26,742 - INFO - 🔎 Found 23 products on page 2
2026-01-27 10:14:26,750 - INFO - Processing: https://www.creative-biolabs.com/adc/boc-val-dil-dap-doe-741.htm
2026-01-27 10:14:28,109 - INFO - ✅ Saved: ADC-P-038 | CAS: None | Name: Boc-Val-Dil-Dap-Doe
2026-01-27 10:14:28,132 - INFO - 💤 Sleeping 5.6s...
2026-01-27 10:14:33,746 - INFO - Processing: https://www.creative-biolabs.com/adc/boc-val-dil-dap-oh-739.htm
2026-01-27 10:14:33,999 - WARNING - ⚠️ Cat No not found in specs/title. Generated: CBL-ADC-739
2026-01-27 10:14:34,089 - INFO - ✅ Saved: CBL-ADC-739 | CAS: None | Name: 
2026-01-27 10:14:34,092 - INFO - 💤 Sleeping 5.4s...
2026-01-27 10:14:39,449 - INFO - Processing: https://www.creative-biolabs.com/adc/boc-val-dil-dap-phe-ome-740.htm
2026-01-27 10:14:39,691 - WARNING - ⚠️ Cat No not found in specs/title. Generated: CBL-ADC-740
2026-01-27 10:14:39,781 - INFO - ✅ Saved: CBL-ADC-740 | CAS: None | Name: 
2026-01-27 10:14:39,784 - INFO - 💤 Sleeping 4.1s...
2026-01-27 10:14:43,858 - INFO - Processing: https://www.creative-biolabs.com/adc/cryptophycin-738.htm
2026-01-27 10:14:44,093 - WARNING - ⚠️ Cat No not found in specs/title. Generated: CBL-ADC-738
2026-01-27 10:14:44,133 - INFO - ✅ Saved: CBL-ADC-738 | CAS: None | Name: 
2026-01-27 10:14:44,136 - INFO - 💤 Sleeping 6.3s...
2026-01-27 10:14:50,461 - INFO - Processing: https://www.creative-biolabs.com/adc/daunorubicin-hydrochloride-714.htm
2026-01-27 10:14:50,695 - WARNING - ⚠️ Cat No not found in specs/title. Generated: CBL-ADC-714
2026-01-27 10:14:50,831 - INFO - ✅ Saved: CBL-ADC-714 | CAS: None | Name: 
2026-01-27 10:14:50,834 - INFO - 💤 Sleeping 3.1s...
2026-01-27 10:14:53,895 - INFO - Processing: https://www.creative-biolabs.com/adc/doxorubicin-716.htm
2026-01-27 10:14:54,164 - WARNING - ⚠️ Cat No not found in specs/title. Generated: CBL-ADC-716
2026-01-27 10:14:54,198 - INFO - ✅ Saved: CBL-ADC-716 | CAS: None | Name: 
2026-01-27 10:14:54,202 - INFO - 💤 Sleeping 4.9s...
2026-01-27 10:14:59,094 - INFO - Processing: https://www.creative-biolabs.com/adc/doxorubicin-hydrochloride-717.htm
2026-01-27 10:14:59,333 - WARNING - ⚠️ Cat No not found in specs/title. Generated: CBL-ADC-717
2026-01-27 10:14:59,452 - INFO - ✅ Saved: CBL-ADC-717 | CAS: None | Name: 
2026-01-27 10:14:59,455 - INFO - 💤 Sleeping 6.2s...
2026-01-27 10:15:05,674 - INFO - Processing: https://www.creative-biolabs.com/adc/maytansinoid-ap-3-735.htm
2026-01-27 10:15:05,918 - WARNING - ⚠️ Cat No not found in specs/title. Generated: CBL-ADC-735
2026-01-27 10:15:06,021 - INFO - ✅ Saved: CBL-ADC-735 | CAS: None | Name: 
2026-01-27 10:15:06,025 - INFO - 💤 Sleeping 6.4s...
2026-01-27 10:15:12,473 - INFO - Processing: https://www.creative-biolabs.com/adc/methotrexate-719.htm
2026-01-27 10:15:12,719 - WARNING - ⚠️ Cat No not found in specs/title. Generated: CBL-ADC-719
2026-01-27 10:15:12,822 - INFO - ✅ Saved: CBL-ADC-719 | CAS: None | Name: 
2026-01-27 10:15:12,825 - INFO - 💤 Sleeping 4.9s...
2026-01-27 10:15:17,743 - INFO - Processing: https://www.creative-biolabs.com/adc/mmad-hydrochloride-722.htm
2026-01-27 10:15:17,982 - WARNING - ⚠️ Cat No not found in specs/title. Generated: CBL-ADC-722
2026-01-27 10:15:18,071 - INFO - ✅ Saved: CBL-ADC-722 | CAS: None | Name: 
2026-01-27 10:15:18,074 - INFO - 💤 Sleeping 3.0s...
2026-01-27 10:15:21,113 - INFO - Processing: https://www.creative-biolabs.com/adc/mmaf-hydrochloride-724.htm
2026-01-27 10:15:21,353 - WARNING - ⚠️ Cat No not found in specs/title. Generated: CBL-ADC-724
2026-01-27 10:15:21,386 - INFO - ✅ Saved: CBL-ADC-724 | CAS: None | Name: 
2026-01-27 10:15:21,389 - INFO - 💤 Sleeping 5.3s...
2026-01-27 10:15:26,714 - INFO - Processing: https://www.creative-biolabs.com/adc/paclitaxel-726.htm
2026-01-27 10:15:26,954 - WARNING - ⚠️ Cat No not found in specs/title. Generated: CBL-ADC-726
2026-01-27 10:15:27,037 - INFO - ✅ Saved: CBL-ADC-726 | CAS: None | Name: 
2026-01-27 10:15:27,040 - INFO - 💤 Sleeping 4.7s...
2026-01-27 10:15:31,728 - INFO - Processing: https://www.creative-biolabs.com/adc/pf-06380101-727.htm
2026-01-27 10:15:31,982 - WARNING - ⚠️ Cat No not found in specs/title. Generated: CBL-ADC-727
2026-01-27 10:15:32,011 - INFO - ✅ Saved: CBL-ADC-727 | CAS: None | Name: 
2026-01-27 10:15:32,014 - INFO - 💤 Sleeping 3.4s...
2026-01-27 10:15:35,466 - INFO - Processing: https://www.creative-biolabs.com/adc/pnu-159682-728.htm
2026-01-27 10:15:35,728 - WARNING - ⚠️ Cat No not found in specs/title. Generated: CBL-ADC-728
2026-01-27 10:15:35,761 - INFO - ✅ Saved: CBL-ADC-728 | CAS: None | Name: 
2026-01-27 10:15:35,764 - INFO - 💤 Sleeping 4.8s...
2026-01-27 10:15:40,608 - INFO - Processing: https://www.creative-biolabs.com/adc/taltobulin-729.htm
2026-01-27 10:15:40,898 - WARNING - ⚠️ Cat No not found in specs/title. Generated: CBL-ADC-729
2026-01-27 10:15:40,973 - INFO - ✅ Saved: CBL-ADC-729 | CAS: None | Name: 
2026-01-27 10:15:40,977 - INFO - 💤 Sleeping 4.4s...
2026-01-27 10:15:45,346 - INFO - Processing: https://www.creative-biolabs.com/adc/taltobulin-hydrochloride-730.htm
2026-01-27 10:15:45,593 - WARNING - ⚠️ Cat No not found in specs/title. Generated: CBL-ADC-730
2026-01-27 10:15:45,628 - INFO - ✅ Saved: CBL-ADC-730 | CAS: None | Name: 
2026-01-27 10:15:45,631 - INFO - 💤 Sleeping 6.5s...
2026-01-27 10:15:52,138 - INFO - Processing: https://www.creative-biolabs.com/adc/taltobulin-trifluoroacetate-731.htm
2026-01-27 10:15:52,378 - WARNING - ⚠️ Cat No not found in specs/title. Generated: CBL-ADC-731
2026-01-27 10:15:52,471 - INFO - ✅ Saved: CBL-ADC-731 | CAS: None | Name: 
2026-01-27 10:15:52,474 - INFO - 💤 Sleeping 3.5s...
2026-01-27 10:15:56,002 - INFO - Processing: https://www.creative-biolabs.com/adc/target-list-anti-ab-adcs-3.htm
2026-01-27 10:15:56,242 - WARNING - ⚠️ Cat No not found in specs/title. Generated: CBL-ADC-3
2026-01-27 10:15:56,280 - INFO - ✅ Saved: CBL-ADC-3 | CAS: None | Name: 
2026-01-27 10:15:56,283 - INFO - 💤 Sleeping 6.5s...
2026-01-27 10:16:02,823 - INFO - Processing: https://www.creative-biolabs.com/adc/target-list-customized-adcs-1.htm
2026-01-27 10:16:03,093 - WARNING - ⚠️ Cat No not found in specs/title. Generated: CBL-ADC-1
2026-01-27 10:16:03,192 - INFO - ✅ Saved: CBL-ADC-1 | CAS: None | Name: 
2026-01-27 10:16:03,195 - INFO - 💤 Sleeping 5.0s...
2026-01-27 10:16:08,227 - INFO - Processing: https://www.creative-biolabs.com/adc/target-list-customized-fluoroab-9.htm
2026-01-27 10:16:08,465 - WARNING - ⚠️ Cat No not found in specs/title. Generated: CBL-ADC-9
2026-01-27 10:16:08,569 - INFO - ✅ Saved: CBL-ADC-9 | CAS: None | Name: 
2026-01-27 10:16:08,571 - INFO - 💤 Sleeping 3.7s...
2026-01-27 10:16:12,258 - INFO - Processing: https://www.creative-biolabs.com/adc/triptolide-732.htm
2026-01-27 10:16:12,499 - WARNING - ⚠️ Cat No not found in specs/title. Generated: CBL-ADC-732
2026-01-27 10:16:12,544 - INFO - ✅ Saved: CBL-ADC-732 | CAS: None | Name: 
2026-01-27 10:16:12,547 - INFO - 💤 Sleeping 3.7s...
2026-01-27 10:16:16,293 - INFO - Processing: https://www.creative-biolabs.com/adc/tubulysin-a-733.htm
2026-01-27 10:16:16,533 - WARNING - ⚠️ Cat No not found in specs/title. Generated: CBL-ADC-733
2026-01-27 10:16:16,575 - INFO - ✅ Saved: CBL-ADC-733 | CAS: None | Name: 
2026-01-27 10:16:16,578 - INFO - 💤 Sleeping 5.3s...
2026-01-27 10:16:21,878 - INFO - Processing: https://www.creative-biolabs.com/adc/tubulysin-m-734.htm
2026-01-27 10:16:22,124 - WARNING - ⚠️ Cat No not found in specs/title. Generated: CBL-ADC-734
2026-01-27 10:16:22,227 - INFO - ✅ Saved: CBL-ADC-734 | CAS: None | Name: 
2026-01-27 10:16:22,230 - INFO - 💤 Sleeping 4.7s...
2026-01-27 10:16:26,951 - INFO - 📄 Processing Page 3: https://www.creative-biolabs.com/adc/classify-adc-toxins-6.htm?page=3
2026-01-27 10:16:32,201 - INFO - 🔎 Found 0 products on page 3
2026-01-27 10:16:32,205 - INFO - 📄 Processing Page 4: https://www.creative-biolabs.com/adc/classify-adc-toxins-6.htm?page=4
2026-01-27 10:16:37,468 - INFO - 🔎 Found 0 products on page 4
2026-01-27 10:16:37,470 - INFO - 📄 Processing Page 5: https://www.creative-biolabs.com/adc/classify-adc-toxins-6.htm?page=5
2026-01-27 10:16:42,723 - INFO - 🔎 Found 0 products on page 5
2026-01-27 10:16:42,725 - INFO - 📄 Processing Page 6: https://www.creative-biolabs.com/adc/classify-adc-toxins-6.htm?page=6
2026-01-27 10:16:47,966 - INFO - 🔎 Found 0 products on page 6
2026-01-27 10:16:47,969 - INFO - 📄 Processing Page 7: https://www.creative-biolabs.com/adc/classify-adc-toxins-6.htm?page=7
2026-01-27 10:16:53,207 - INFO - 🔎 Found 0 products on page 7
2026-01-27 10:16:53,209 - INFO - 📄 Processing Page 8: https://www.creative-biolabs.com/adc/classify-adc-toxins-6.htm?page=8
2026-01-27 10:16:58,453 - INFO - 🔎 Found 0 products on page 8
2026-01-27 10:16:58,519 - INFO - 🏁 Crawler Finished. Total Processed: 46
2026-01-27 10:19:54,189 - INFO - 🚀 [CB PAYLOAD] Starting FULL Harvest (Pages 1-8). Limit: 10000
2026-01-27 10:19:54,717 - INFO - 🌐 Launching Browser (Headless)
2026-01-27 10:19:54,842 - INFO - 📄 Processing Page 1: https://www.creative-biolabs.com/adc/classify-adc-toxins-6.htm?page=1
2026-01-27 10:20:00,446 - INFO - 🔎 Found 0 products on page 1
2026-01-27 10:20:00,450 - INFO - 📄 Processing Page 2: https://www.creative-biolabs.com/adc/classify-adc-toxins-6.htm?page=2
2026-01-27 10:20:05,690 - INFO - 🔎 Found 0 products on page 2
2026-01-27 10:20:05,694 - INFO - 📄 Processing Page 3: https://www.creative-biolabs.com/adc/classify-adc-toxins-6.htm?page=3
2026-01-27 10:20:10,931 - INFO - 🔎 Found 0 products on page 3
2026-01-27 10:20:10,935 - INFO - 📄 Processing Page 4: https://www.creative-biolabs.com/adc/classify-adc-toxins-6.htm?page=4
2026-01-27 10:20:16,166 - INFO - 🔎 Found 0 products on page 4
2026-01-27 10:20:16,169 - INFO - 📄 Processing Page 5: https://www.creative-biolabs.com/adc/classify-adc-toxins-6.htm?page=5
2026-01-27 10:20:21,414 - INFO - 🔎 Found 0 products on page 5
2026-01-27 10:20:21,417 - INFO - 📄 Processing Page 6: https://www.creative-biolabs.com/adc/classify-adc-toxins-6.htm?page=6
2026-01-27 10:20:26,655 - INFO - 🔎 Found 0 products on page 6
2026-01-27 10:20:26,658 - INFO - 📄 Processing Page 7: https://www.creative-biolabs.com/adc/classify-adc-toxins-6.htm?page=7
2026-01-27 10:20:31,901 - INFO - 🔎 Found 0 products on page 7
2026-01-27 10:20:31,904 - INFO - 📄 Processing Page 8: https://www.creative-biolabs.com/adc/classify-adc-toxins-6.htm?page=8
2026-01-27 10:20:37,136 - INFO - 🔎 Found 0 products on page 8
2026-01-27 10:20:37,177 - INFO - 🏁 Crawler Finished. Total Processed: 0
2026-01-27 10:33:40,691 - INFO - 🚀 [CB PAYLOAD] Starting FULL Harvest (Pages 1-8). Limit: 10000
2026-01-27 10:33:41,197 - INFO - 🌐 Launching Browser with Proxy: http://gate.decodo.com:10001
2026-01-27 10:33:41,306 - INFO - 📄 Processing Page 1: https://www.creative-biolabs.com/adc/classify-adc-toxins-6.htm?page=1
2026-01-27 10:33:56,011 - INFO - 🔎 Found 23 products on page 1
2026-01-27 10:33:56,011 - INFO - Processing: https://www.creative-biolabs.com/adc/10-deacetyl-7-xylosyl-paclitaxel-704.htm
2026-01-27 10:34:09,752 - INFO - ✅ Saved: ADC-P-001 | CAS: 90332-63-1 | Name: 10-Deacetyl-7-xylosyl paclitaxel (
2026-01-27 10:34:09,759 - INFO - 💤 Sleeping 5.2s...
2026-01-27 10:34:14,966 - INFO - Processing: https://www.creative-biolabs.com/adc/alpha-amanitin-705.htm
2026-01-27 10:34:25,102 - INFO - ✅ Saved: ADC-P-002 | CAS: 23109-05-9 | Name: alpha-Amanitin (
2026-01-27 10:34:25,110 - INFO - 💤 Sleeping 3.2s...
2026-01-27 10:34:28,317 - INFO - Processing: https://www.creative-biolabs.com/adc/ansamitocin-p-3-706.htm
2026-01-27 10:34:37,413 - INFO - ✅ Saved: ADC-P-003 | CAS: 66584-72-3 | Name: Ansamitocin P-3 (
2026-01-27 10:34:37,428 - INFO - 💤 Sleeping 5.2s...
2026-01-27 10:34:42,658 - INFO - Processing: https://www.creative-biolabs.com/adc/auristatin-e-707.htm
2026-01-27 10:34:52,609 - INFO - ✅ Saved: ADC-P-004 | CAS: 160800-57-7 | Name: Auristatin E (
2026-01-27 10:34:52,618 - INFO - 💤 Sleeping 5.8s...
2026-01-27 10:34:58,428 - INFO - Processing: https://www.creative-biolabs.com/adc/auristatin-f-708.htm
2026-01-27 10:35:12,244 - INFO - ✅ Saved: ADC-P-005 | CAS: 163768-50-1 | Name: Auristatin F (
2026-01-27 10:35:12,252 - INFO - 💤 Sleeping 3.3s...
2026-01-27 10:35:15,598 - INFO - Processing: https://www.creative-biolabs.com/adc/calicheamicin-709.htm
2026-01-27 10:35:28,201 - INFO - ✅ Saved: ADC-P-006 | CAS: 108212-75-5 | Name: Calicheamicin (
2026-01-27 10:35:28,209 - INFO - 💤 Sleeping 5.3s...
2026-01-27 10:35:33,473 - INFO - Processing: https://www.creative-biolabs.com/adc/campathecin-710.htm
2026-01-27 10:35:46,177 - INFO - ✅ Saved: ADC-P-007 | CAS: 2114454 | Name: Campathecin (
2026-01-27 10:35:46,185 - INFO - 💤 Sleeping 5.8s...
2026-01-27 10:35:52,009 - INFO - Processing: https://www.creative-biolabs.com/adc/d8-mmae-711.htm
2026-01-27 10:36:04,520 - INFO - ✅ Saved: ADC-P-008 | CAS: None | Name: D8-MMAE (
2026-01-27 10:36:04,529 - INFO - 💤 Sleeping 6.9s...
2026-01-27 10:36:11,388 - INFO - Processing: https://www.creative-biolabs.com/adc/daun02-712.htm
2026-01-27 10:36:23,047 - INFO - ✅ Saved: ADC-P-009 | CAS: 290304-24-4 | Name: Daun02 (
2026-01-27 10:36:23,054 - INFO - 💤 Sleeping 4.0s...
2026-01-27 10:36:27,104 - INFO - Processing: https://www.creative-biolabs.com/adc/daunorubicin-713.htm
2026-01-27 10:36:39,240 - INFO - ✅ Saved: ADC-P-010 | CAS: 20830-81-3 | Name: Daunorubicin (
2026-01-27 10:36:39,249 - INFO - 💤 Sleeping 6.0s...
2026-01-27 10:36:45,237 - INFO - Processing: https://www.creative-biolabs.com/adc/dm1-736.htm
2026-01-27 10:36:56,179 - INFO - ✅ Saved: ADC-P-033 | CAS: 139504-50-0 | Name: DM1 (
2026-01-27 10:36:56,188 - INFO - 💤 Sleeping 3.4s...
2026-01-27 10:36:59,558 - INFO - Processing: https://www.creative-biolabs.com/adc/dm4-737.htm
2026-01-27 10:37:13,661 - INFO - ✅ Saved: ADC-P-034 | CAS: 799840-96-3 | Name: DM4 (
2026-01-27 10:37:13,669 - INFO - 💤 Sleeping 4.1s...
2026-01-27 10:37:17,776 - INFO - Processing: https://www.creative-biolabs.com/adc/dolastatin-10-715.htm
2026-01-27 10:37:32,576 - INFO - ✅ Saved: ADC-P-012 | CAS: 110417-88-4 | Name: Dolastatin 10 (
2026-01-27 10:37:32,584 - INFO - 💤 Sleeping 4.1s...
2026-01-27 10:37:36,655 - INFO - Processing: https://www.creative-biolabs.com/adc/maytansinol-718.htm
2026-01-27 10:37:50,268 - INFO - ✅ Saved: ADC-P-015 | CAS: 57103-68-1 | Name: Maytansinol (
2026-01-27 10:37:50,275 - INFO - 💤 Sleeping 5.4s...
2026-01-27 10:37:55,693 - INFO - Processing: https://www.creative-biolabs.com/adc/mmad-721.htm
2026-01-27 10:38:10,170 - INFO - ✅ Saved: ADC-P-018 | CAS: 203849-91-6 | Name: MMAD (
2026-01-27 10:38:10,177 - INFO - 💤 Sleeping 4.8s...
2026-01-27 10:38:14,958 - INFO - Processing: https://www.creative-biolabs.com/adc/mmaf-723.htm
2026-01-27 10:38:24,783 - INFO - ✅ Saved: ADC-P-020 | CAS: 745017-94-1 | Name: MMAF (
2026-01-27 10:38:24,791 - INFO - 💤 Sleeping 4.4s...
2026-01-27 10:38:29,218 - INFO - Processing: https://www.creative-biolabs.com/adc/monomethyl-auristatin-e-725.htm
2026-01-27 10:38:38,058 - INFO - ✅ Saved: ADC-P-022 | CAS: 474645-27-7 | Name: Monomethyl auristatin E (
2026-01-27 10:38:38,066 - INFO - 💤 Sleeping 5.1s...
2026-01-27 10:38:43,181 - INFO - Processing: https://www.creative-biolabs.com/adc/pyrrolobenzodiazepine-dimer-834.htm
2026-01-27 10:38:55,004 - INFO - ✅ Saved: ADC-P-132 | CAS: None | Name: Pyrrolobenzodiazepine Dimer (
2026-01-27 10:38:55,012 - INFO - 💤 Sleeping 3.4s...
2026-01-27 10:38:58,444 - INFO - Processing: https://www.creative-biolabs.com/adc/sandramycin-839.htm
2026-01-27 10:39:08,151 - INFO - ✅ Saved: ADC-P-137 | CAS: 100940-65-6 | Name: Sandramycin (
2026-01-27 10:39:08,159 - INFO - 💤 Sleeping 4.7s...
2026-01-27 10:39:12,842 - INFO - Processing: https://www.creative-biolabs.com/adc/saporin-848.htm
2026-01-27 10:39:27,097 - INFO - ✅ Saved: ADC-P-146 | CAS: None | Name: Saporin (
2026-01-27 10:39:27,135 - INFO - 💤 Sleeping 5.5s...
2026-01-27 10:39:32,693 - INFO - Processing: https://www.creative-biolabs.com/adc/target-list-anti-ab-adcs-3.htm
2026-01-27 10:39:40,814 - WARNING - ⚠️ Cat No not found. Generated: CBL-ADC-3
2026-01-27 10:39:40,925 - INFO - ✅ Saved: CBL-ADC-3 | CAS: None | Name: Anti-Ab ADC Products
2026-01-27 10:39:40,932 - INFO - 💤 Sleeping 5.9s...
2026-01-27 10:39:46,882 - INFO - Processing: https://www.creative-biolabs.com/adc/target-list-customized-adcs-1.htm
2026-01-27 10:39:56,089 - WARNING - ⚠️ Cat No not found. Generated: CBL-ADC-1
2026-01-27 10:39:56,174 - INFO - ✅ Saved: CBL-ADC-1 | CAS: None | Name: Customized ADC Products
2026-01-27 10:39:56,180 - INFO - 💤 Sleeping 4.0s...
2026-01-27 10:40:00,216 - INFO - Processing: https://www.creative-biolabs.com/adc/target-list-customized-fluoroab-9.htm
2026-01-27 10:40:08,158 - WARNING - ⚠️ Cat No not found. Generated: CBL-ADC-9
2026-01-27 10:40:08,254 - INFO - ✅ Saved: CBL-ADC-9 | CAS: None | Name: Customized FluoroAb™ Products
2026-01-27 10:40:08,261 - INFO - 💤 Sleeping 6.5s...
2026-01-27 10:40:14,778 - INFO - 📄 Processing Page 2: https://www.creative-biolabs.com/adc/classify-adc-toxins-6.htm?page=2
2026-01-27 10:40:22,440 - INFO - 🔎 Found 23 products on page 2
2026-01-27 10:40:22,441 - INFO - Processing: https://www.creative-biolabs.com/adc/boc-val-dil-dap-doe-741.htm
2026-01-27 10:40:31,408 - INFO - ✅ Saved: ADC-P-038 | CAS: None | Name: Boc-Val-Dil-Dap-Doe (
2026-01-27 10:40:31,431 - INFO - 💤 Sleeping 7.0s...
2026-01-27 10:40:38,411 - INFO - Processing: https://www.creative-biolabs.com/adc/boc-val-dil-dap-oh-739.htm
2026-01-27 10:40:48,652 - INFO - ✅ Saved: ADC-P-036 | CAS: None | Name: Boc-Val-Dil-Dap-OH (
2026-01-27 10:40:48,661 - INFO - 💤 Sleeping 3.4s...
2026-01-27 10:40:52,025 - INFO - Processing: https://www.creative-biolabs.com/adc/boc-val-dil-dap-phe-ome-740.htm
2026-01-27 10:41:08,090 - INFO - ✅ Saved: ADC-P-037 | CAS: None | Name: Boc-Val-Dil-Dap-Phe-Ome (
2026-01-27 10:41:08,097 - INFO - 💤 Sleeping 4.1s...
2026-01-27 10:41:12,203 - INFO - Processing: https://www.creative-biolabs.com/adc/cryptophycin-738.htm
2026-01-27 10:41:23,448 - INFO - ✅ Saved: ADC-P-035 | CAS: 124689-65-2 | Name: Cryptophycin (
2026-01-27 10:41:23,455 - INFO - 💤 Sleeping 7.0s...
2026-01-27 10:41:30,428 - INFO - Processing: https://www.creative-biolabs.com/adc/daunorubicin-hydrochloride-714.htm
2026-01-27 10:41:43,863 - INFO - ✅ Saved: ADC-P-011 | CAS: 23541-50-6 | Name: Daunorubicin Hydrochloride (
2026-01-27 10:41:43,902 - INFO - 💤 Sleeping 3.6s...
2026-01-27 10:41:47,536 - INFO - Processing: https://www.creative-biolabs.com/adc/doxorubicin-716.htm
2026-01-27 10:41:58,358 - INFO - ✅ Saved: ADC-P-013 | CAS: 23214-92-8 | Name: Doxorubicin (
2026-01-27 10:41:58,400 - INFO - 💤 Sleeping 6.9s...
2026-01-27 10:42:05,258 - INFO - Processing: https://www.creative-biolabs.com/adc/doxorubicin-hydrochloride-717.htm
2026-01-27 10:42:16,437 - INFO - ✅ Saved: ADC-P-014 | CAS: 25316-40-9 | Name: Doxorubicin hydrochloride (
2026-01-27 10:42:16,446 - INFO - 💤 Sleeping 6.7s...
2026-01-27 10:42:23,195 - INFO - Processing: https://www.creative-biolabs.com/adc/maytansinoid-ap-3-735.htm
2026-01-27 10:42:36,937 - INFO - ✅ Saved: ADC-P-032 | CAS: 66547-09-9 | Name: Maytansinoid AP-3 (
2026-01-27 10:42:36,946 - INFO - 💤 Sleeping 5.0s...
2026-01-27 10:42:41,909 - INFO - Processing: https://www.creative-biolabs.com/adc/methotrexate-719.htm
2026-01-27 10:42:52,454 - INFO - ✅ Saved: ADC-P-016 | CAS: 21672 | Name: Methotrexate (
2026-01-27 10:42:52,492 - INFO - 💤 Sleeping 5.4s...
2026-01-27 10:42:57,902 - INFO - Processing: https://www.creative-biolabs.com/adc/mmad-hydrochloride-722.htm
2026-01-27 10:43:09,040 - INFO - ✅ Saved: ADC-P-019 | CAS: 173441-26-4 | Name: MMAD hydrochloride (
2026-01-27 10:43:09,048 - INFO - 💤 Sleeping 3.5s...
2026-01-27 10:43:12,563 - INFO - Processing: https://www.creative-biolabs.com/adc/mmaf-hydrochloride-724.htm
2026-01-27 10:43:26,874 - INFO - ✅ Saved: ADC-P-021 | CAS: 1415246-68-2 | Name: MMAF Hydrochloride (
2026-01-27 10:43:26,881 - INFO - 💤 Sleeping 6.1s...
2026-01-27 10:43:32,973 - INFO - Processing: https://www.creative-biolabs.com/adc/paclitaxel-726.htm
2026-01-27 10:43:44,637 - INFO - ✅ Saved: ADC-P-023 | CAS: 33069-62-4 | Name: Paclitaxel (
2026-01-27 10:43:44,647 - INFO - 💤 Sleeping 6.3s...
2026-01-27 10:43:51,008 - INFO - Processing: https://www.creative-biolabs.com/adc/pf-06380101-727.htm
2026-01-27 10:43:54,279 - WARNING - ⚠️ Load error https://www.creative-biolabs.com/adc/pf-06380101-727.htm: Page.goto: net::ERR_TUNNEL_CONNECTION_FAILED at https://www.creative-biolabs.com/adc/pf-06380101-727.htm
Call log:
  - navigating to "https://www.creative-biolabs.com/adc/pf-06380101-727.htm", waiting until "load"

2026-01-27 10:44:44,729 - INFO - ✅ Saved: ADC-P-024 | CAS: 1436391-86-4 | Name: PF-06380101 (
2026-01-27 10:44:44,732 - INFO - 💤 Sleeping 6.5s...
2026-01-27 10:44:51,232 - INFO - Processing: https://www.creative-biolabs.com/adc/pnu-159682-728.htm
2026-01-27 10:44:54,552 - WARNING - ⚠️ Load error https://www.creative-biolabs.com/adc/pnu-159682-728.htm: Page.goto: net::ERR_TUNNEL_CONNECTION_FAILED at https://www.creative-biolabs.com/adc/pnu-159682-728.htm
Call log:
  - navigating to "https://www.creative-biolabs.com/adc/pnu-159682-728.htm", waiting until "load"

2026-01-27 10:45:07,756 - WARNING - ⚠️ Load error https://www.creative-biolabs.com/adc/pnu-159682-728.htm: Page.goto: net::ERR_TUNNEL_CONNECTION_FAILED at https://www.creative-biolabs.com/adc/pnu-159682-728.htm
Call log:
  - navigating to "https://www.creative-biolabs.com/adc/pnu-159682-728.htm", waiting until "load"

2026-01-27 10:45:20,949 - WARNING - ⚠️ Load error https://www.creative-biolabs.com/adc/pnu-159682-728.htm: Page.goto: net::ERR_TUNNEL_CONNECTION_FAILED at https://www.creative-biolabs.com/adc/pnu-159682-728.htm
Call log:
  - navigating to "https://www.creative-biolabs.com/adc/pnu-159682-728.htm", waiting until "load"

2026-01-27 10:45:30,963 - WARNING - ⚠️ Cat No not found. Generated: CBL-ADC-728
2026-01-27 10:45:31,323 - INFO - ✅ Saved: CBL-ADC-728 | CAS: None | Name: 
2026-01-27 10:45:31,327 - INFO - 💤 Sleeping 5.6s...
2026-01-27 10:45:36,970 - INFO - Processing: https://www.creative-biolabs.com/adc/taltobulin-729.htm
2026-01-27 10:45:37,217 - WARNING - ⚠️ Load error https://www.creative-biolabs.com/adc/taltobulin-729.htm: Page.goto: net::ERR_TUNNEL_CONNECTION_FAILED at https://www.creative-biolabs.com/adc/taltobulin-729.htm
Call log:
  - navigating to "https://www.creative-biolabs.com/adc/taltobulin-729.htm", waiting until "load"

2026-01-27 10:45:47,427 - WARNING - ⚠️ Load error https://www.creative-biolabs.com/adc/taltobulin-729.htm: Page.goto: net::ERR_TUNNEL_CONNECTION_FAILED at https://www.creative-biolabs.com/adc/taltobulin-729.htm
Call log:
  - navigating to "https://www.creative-biolabs.com/adc/taltobulin-729.htm", waiting until "load"

2026-01-27 10:45:57,644 - WARNING - ⚠️ Load error https://www.creative-biolabs.com/adc/taltobulin-729.htm: Page.goto: net::ERR_TUNNEL_CONNECTION_FAILED at https://www.creative-biolabs.com/adc/taltobulin-729.htm
Call log:
  - navigating to "https://www.creative-biolabs.com/adc/taltobulin-729.htm", waiting until "load"

2026-01-27 10:46:07,651 - WARNING - ⚠️ Cat No not found. Generated: CBL-ADC-729
2026-01-27 10:46:07,789 - INFO - ✅ Saved: CBL-ADC-729 | CAS: None | Name: 
2026-01-27 10:46:07,793 - INFO - 💤 Sleeping 5.4s...
2026-01-27 10:46:13,164 - INFO - Processing: https://www.creative-biolabs.com/adc/taltobulin-hydrochloride-730.htm
2026-01-27 10:46:13,412 - WARNING - ⚠️ Load error https://www.creative-biolabs.com/adc/taltobulin-hydrochloride-730.htm: Page.goto: net::ERR_TUNNEL_CONNECTION_FAILED at https://www.creative-biolabs.com/adc/taltobulin-hydrochloride-730.htm
Call log:
  - navigating to "https://www.creative-biolabs.com/adc/taltobulin-hydrochloride-730.htm", waiting until "load"

2026-01-27 10:46:34,136 - INFO - 🚀 [CB PAYLOAD] Starting FULL Harvest (Pages 1-8). Limit: 10000
2026-01-27 10:46:34,667 - INFO - 🌐 Launching Browser with Proxy: http://gate.decodo.com:10001
2026-01-27 10:46:34,768 - INFO - 📄 Processing Page 1: https://www.creative-biolabs.com/adc/classify-adc-toxins-6.htm?page=1
2026-01-27 10:46:35,132 - ERROR - List fetch error: Page.goto: net::ERR_TUNNEL_CONNECTION_FAILED at https://www.creative-biolabs.com/adc/classify-adc-toxins-6.htm?page=1
Call log:
  - navigating to "https://www.creative-biolabs.com/adc/classify-adc-toxins-6.htm?page=1", waiting until "load"

2026-01-27 10:46:40,347 - ERROR - List fetch error: Page.goto: net::ERR_TUNNEL_CONNECTION_FAILED at https://www.creative-biolabs.com/adc/classify-adc-toxins-6.htm?page=1
Call log:
  - navigating to "https://www.creative-biolabs.com/adc/classify-adc-toxins-6.htm?page=1", waiting until "load"

2026-01-27 10:46:45,553 - ERROR - List fetch error: Page.goto: net::ERR_TUNNEL_CONNECTION_FAILED at https://www.creative-biolabs.com/adc/classify-adc-toxins-6.htm?page=1
Call log:
  - navigating to "https://www.creative-biolabs.com/adc/classify-adc-toxins-6.htm?page=1", waiting until "load"

2026-01-27 10:46:50,559 - INFO - 🔎 Found 0 products on page 1
2026-01-27 10:46:50,559 - INFO - 📄 Processing Page 2: https://www.creative-biolabs.com/adc/classify-adc-toxins-6.htm?page=2
2026-01-27 10:46:50,808 - ERROR - List fetch error: Page.goto: net::ERR_TUNNEL_CONNECTION_FAILED at https://www.creative-biolabs.com/adc/classify-adc-toxins-6.htm?page=2
Call log:
  - navigating to "https://www.creative-biolabs.com/adc/classify-adc-toxins-6.htm?page=2", waiting until "load"

2026-01-27 10:46:56,013 - ERROR - List fetch error: Page.goto: net::ERR_TUNNEL_CONNECTION_FAILED at https://www.creative-biolabs.com/adc/classify-adc-toxins-6.htm?page=2
Call log:
  - navigating to "https://www.creative-biolabs.com/adc/classify-adc-toxins-6.htm?page=2", waiting until "load"

2026-01-27 10:47:01,209 - ERROR - List fetch error: Page.goto: net::ERR_TUNNEL_CONNECTION_FAILED at https://www.creative-biolabs.com/adc/classify-adc-toxins-6.htm?page=2
Call log:
  - navigating to "https://www.creative-biolabs.com/adc/classify-adc-toxins-6.htm?page=2", waiting until "load"

2026-01-27 10:47:06,217 - INFO - 🔎 Found 0 products on page 2
2026-01-27 10:47:06,218 - INFO - 📄 Processing Page 3: https://www.creative-biolabs.com/adc/classify-adc-toxins-6.htm?page=3
2026-01-27 10:47:06,471 - ERROR - List fetch error: Page.goto: net::ERR_TUNNEL_CONNECTION_FAILED at https://www.creative-biolabs.com/adc/classify-adc-toxins-6.htm?page=3
Call log:
  - navigating to "https://www.creative-biolabs.com/adc/classify-adc-toxins-6.htm?page=3", waiting until "load"

2026-01-27 10:47:11,681 - ERROR - List fetch error: Page.goto: net::ERR_TUNNEL_CONNECTION_FAILED at https://www.creative-biolabs.com/adc/classify-adc-toxins-6.htm?page=3
Call log:
  - navigating to "https://www.creative-biolabs.com/adc/classify-adc-toxins-6.htm?page=3", waiting until "load"

2026-01-27 10:47:16,878 - ERROR - List fetch error: Page.goto: net::ERR_TUNNEL_CONNECTION_FAILED at https://www.creative-biolabs.com/adc/classify-adc-toxins-6.htm?page=3
Call log:
  - navigating to "https://www.creative-biolabs.com/adc/classify-adc-toxins-6.htm?page=3", waiting until "load"

2026-01-27 10:47:21,891 - INFO - 🔎 Found 0 products on page 3
2026-01-27 10:47:21,891 - INFO - 📄 Processing Page 4: https://www.creative-biolabs.com/adc/classify-adc-toxins-6.htm?page=4
2026-01-27 10:47:22,143 - ERROR - List fetch error: Page.goto: net::ERR_TUNNEL_CONNECTION_FAILED at https://www.creative-biolabs.com/adc/classify-adc-toxins-6.htm?page=4
Call log:
  - navigating to "https://www.creative-biolabs.com/adc/classify-adc-toxins-6.htm?page=4", waiting until "load"

2026-01-27 10:47:27,349 - ERROR - List fetch error: Page.goto: net::ERR_TUNNEL_CONNECTION_FAILED at https://www.creative-biolabs.com/adc/classify-adc-toxins-6.htm?page=4
Call log:
  - navigating to "https://www.creative-biolabs.com/adc/classify-adc-toxins-6.htm?page=4", waiting until "load"

2026-01-27 10:47:32,555 - ERROR - List fetch error: Page.goto: net::ERR_TUNNEL_CONNECTION_FAILED at https://www.creative-biolabs.com/adc/classify-adc-toxins-6.htm?page=4
Call log:
  - navigating to "https://www.creative-biolabs.com/adc/classify-adc-toxins-6.htm?page=4", waiting until "load"

2026-01-27 10:47:37,570 - INFO - 🔎 Found 0 products on page 4
2026-01-27 10:47:37,571 - INFO - 📄 Processing Page 5: https://www.creative-biolabs.com/adc/classify-adc-toxins-6.htm?page=5
2026-01-27 10:47:37,832 - ERROR - List fetch error: Page.goto: net::ERR_TUNNEL_CONNECTION_FAILED at https://www.creative-biolabs.com/adc/classify-adc-toxins-6.htm?page=5
Call log:
  - navigating to "https://www.creative-biolabs.com/adc/classify-adc-toxins-6.htm?page=5", waiting until "load"

2026-01-27 10:47:43,032 - ERROR - List fetch error: Page.goto: net::ERR_TUNNEL_CONNECTION_FAILED at https://www.creative-biolabs.com/adc/classify-adc-toxins-6.htm?page=5
Call log:
  - navigating to "https://www.creative-biolabs.com/adc/classify-adc-toxins-6.htm?page=5", waiting until "load"

2026-01-27 10:47:48,237 - ERROR - List fetch error: Page.goto: net::ERR_TUNNEL_CONNECTION_FAILED at https://www.creative-biolabs.com/adc/classify-adc-toxins-6.htm?page=5
Call log:
  - navigating to "https://www.creative-biolabs.com/adc/classify-adc-toxins-6.htm?page=5", waiting until "load"

2026-01-27 10:47:53,241 - INFO - 🔎 Found 0 products on page 5
2026-01-27 10:47:53,241 - INFO - 📄 Processing Page 6: https://www.creative-biolabs.com/adc/classify-adc-toxins-6.htm?page=6
2026-01-27 10:47:53,488 - ERROR - List fetch error: Page.goto: net::ERR_TUNNEL_CONNECTION_FAILED at https://www.creative-biolabs.com/adc/classify-adc-toxins-6.htm?page=6
Call log:
  - navigating to "https://www.creative-biolabs.com/adc/classify-adc-toxins-6.htm?page=6", waiting until "load"

2026-01-27 10:47:58,695 - ERROR - List fetch error: Page.goto: net::ERR_TUNNEL_CONNECTION_FAILED at https://www.creative-biolabs.com/adc/classify-adc-toxins-6.htm?page=6
Call log:
  - navigating to "https://www.creative-biolabs.com/adc/classify-adc-toxins-6.htm?page=6", waiting until "load"

2026-01-27 10:48:03,913 - ERROR - List fetch error: Page.goto: net::ERR_TUNNEL_CONNECTION_FAILED at https://www.creative-biolabs.com/adc/classify-adc-toxins-6.htm?page=6
Call log:
  - navigating to "https://www.creative-biolabs.com/adc/classify-adc-toxins-6.htm?page=6", waiting until "load"

2026-01-27 10:48:08,931 - INFO - 🔎 Found 0 products on page 6
2026-01-27 10:48:08,931 - INFO - 📄 Processing Page 7: https://www.creative-biolabs.com/adc/classify-adc-toxins-6.htm?page=7
2026-01-27 10:48:09,173 - ERROR - List fetch error: Page.goto: net::ERR_TUNNEL_CONNECTION_FAILED at https://www.creative-biolabs.com/adc/classify-adc-toxins-6.htm?page=7
Call log:
  - navigating to "https://www.creative-biolabs.com/adc/classify-adc-toxins-6.htm?page=7", waiting until "load"

2026-01-27 10:48:14,386 - ERROR - List fetch error: Page.goto: net::ERR_TUNNEL_CONNECTION_FAILED at https://www.creative-biolabs.com/adc/classify-adc-toxins-6.htm?page=7
Call log:
  - navigating to "https://www.creative-biolabs.com/adc/classify-adc-toxins-6.htm?page=7", waiting until "load"

2026-01-27 10:48:19,598 - ERROR - List fetch error: Page.goto: net::ERR_TUNNEL_CONNECTION_FAILED at https://www.creative-biolabs.com/adc/classify-adc-toxins-6.htm?page=7
Call log:
  - navigating to "https://www.creative-biolabs.com/adc/classify-adc-toxins-6.htm?page=7", waiting until "load"

2026-01-27 10:48:24,604 - INFO - 🔎 Found 0 products on page 7
2026-01-27 10:48:24,604 - INFO - 📄 Processing Page 8: https://www.creative-biolabs.com/adc/classify-adc-toxins-6.htm?page=8
2026-01-27 10:48:24,850 - ERROR - List fetch error: Page.goto: net::ERR_TUNNEL_CONNECTION_FAILED at https://www.creative-biolabs.com/adc/classify-adc-toxins-6.htm?page=8
Call log:
  - navigating to "https://www.creative-biolabs.com/adc/classify-adc-toxins-6.htm?page=8", waiting until "load"

2026-01-27 10:48:30,056 - ERROR - List fetch error: Page.goto: net::ERR_TUNNEL_CONNECTION_FAILED at https://www.creative-biolabs.com/adc/classify-adc-toxins-6.htm?page=8
Call log:
  - navigating to "https://www.creative-biolabs.com/adc/classify-adc-toxins-6.htm?page=8", waiting until "load"

2026-01-27 11:01:32,718 - INFO - 🚀 [CB PAYLOAD] Starting FULL Harvest (VPN Mode). Limit: 10000
2026-01-27 11:01:33,268 - INFO - 🌐 Launching Browser (Local IP via VPN)
2026-01-27 11:01:33,389 - INFO - 📄 Processing Page 1: https://www.creative-biolabs.com/adc/classify-adc-toxins-6.htm?page=1
2026-01-27 11:01:50,184 - INFO - 🔎 Found 23 products on page 1
2026-01-27 11:01:50,189 - INFO - Processing: https://www.creative-biolabs.com/adc/10-deacetyl-7-xylosyl-paclitaxel-704.htm
2026-01-27 11:01:54,081 - INFO - ✅ Saved: ADC-P-001 | CAS: 90332-63-1 | Name: 10-Deacetyl-7-xylosyl paclitaxel (
2026-01-27 11:01:54,086 - INFO - 💤 Sleeping 15.5s (Safety Delay)...
2026-01-27 11:02:09,561 - INFO - Processing: https://www.creative-biolabs.com/adc/alpha-amanitin-705.htm
2026-01-27 11:02:22,470 - INFO - ✅ Saved: ADC-P-002 | CAS: 23109-05-9 | Name: alpha-Amanitin (
2026-01-27 11:02:22,478 - INFO - 💤 Sleeping 16.6s (Safety Delay)...
2026-01-27 11:02:39,066 - INFO - Processing: https://www.creative-biolabs.com/adc/ansamitocin-p-3-706.htm
2026-01-27 11:02:51,974 - INFO - ✅ Saved: ADC-P-003 | CAS: 66584-72-3 | Name: Ansamitocin P-3 (
2026-01-27 11:02:51,980 - INFO - 💤 Sleeping 15.2s (Safety Delay)...
2026-01-27 11:03:07,178 - INFO - Processing: https://www.creative-biolabs.com/adc/auristatin-e-707.htm
2026-01-27 11:03:20,465 - INFO - ✅ Saved: ADC-P-004 | CAS: 160800-57-7 | Name: Auristatin E (
2026-01-27 11:03:20,471 - INFO - 💤 Sleeping 19.7s (Safety Delay)...
2026-01-27 11:03:40,226 - INFO - Processing: https://www.creative-biolabs.com/adc/auristatin-f-708.htm
2026-01-27 11:03:53,493 - INFO - ✅ Saved: ADC-P-005 | CAS: 163768-50-1 | Name: Auristatin F (
2026-01-27 11:03:53,498 - INFO - 💤 Sleeping 14.4s (Safety Delay)...
2026-01-27 11:04:07,863 - INFO - Processing: https://www.creative-biolabs.com/adc/calicheamicin-709.htm
2026-01-27 11:04:20,768 - INFO - ✅ Saved: ADC-P-006 | CAS: 108212-75-5 | Name: Calicheamicin (
2026-01-27 11:04:20,774 - INFO - 💤 Sleeping 16.6s (Safety Delay)...
2026-01-27 11:04:37,367 - INFO - Processing: https://www.creative-biolabs.com/adc/campathecin-710.htm
2026-01-27 11:04:50,285 - INFO - ✅ Saved: ADC-P-007 | CAS: 2114454 | Name: Campathecin (
2026-01-27 11:04:50,291 - INFO - 💤 Sleeping 12.1s (Safety Delay)...
2026-01-27 11:05:02,428 - INFO - Processing: https://www.creative-biolabs.com/adc/d8-mmae-711.htm
2026-01-27 11:05:15,365 - INFO - ✅ Saved: ADC-P-008 | CAS: None | Name: D8-MMAE (
2026-01-27 11:05:15,372 - INFO - 💤 Sleeping 10.0s (Safety Delay)...
2026-01-27 11:05:25,411 - INFO - Processing: https://www.creative-biolabs.com/adc/daun02-712.htm
2026-01-27 11:05:38,639 - INFO - ✅ Saved: ADC-P-009 | CAS: 290304-24-4 | Name: Daun02 (
2026-01-27 11:05:38,646 - INFO - 💤 Sleeping 13.7s (Safety Delay)...
2026-01-27 11:05:52,323 - INFO - Processing: https://www.creative-biolabs.com/adc/daunorubicin-713.htm
2026-01-27 11:06:05,686 - INFO - ✅ Saved: ADC-P-010 | CAS: 20830-81-3 | Name: Daunorubicin (
2026-01-27 11:06:05,692 - INFO - 💤 Sleeping 19.7s (Safety Delay)...
2026-01-27 11:06:25,368 - INFO - Processing: https://www.creative-biolabs.com/adc/dm1-736.htm
2026-01-27 11:06:38,296 - INFO - ✅ Saved: ADC-P-033 | CAS: 139504-50-0 | Name: DM1 (
2026-01-27 11:06:38,302 - INFO - 💤 Sleeping 12.5s (Safety Delay)...
2026-01-27 11:06:50,783 - INFO - Processing: https://www.creative-biolabs.com/adc/dm4-737.htm
2026-01-27 11:07:03,692 - INFO - ✅ Saved: ADC-P-034 | CAS: 799840-96-3 | Name: DM4 (
2026-01-27 11:07:03,699 - INFO - 💤 Sleeping 13.8s (Safety Delay)...
2026-01-27 11:07:17,493 - INFO - Processing: https://www.creative-biolabs.com/adc/dolastatin-10-715.htm
2026-01-27 11:07:30,423 - INFO - ✅ Saved: ADC-P-012 | CAS: 110417-88-4 | Name: Dolastatin 10 (
2026-01-27 11:07:30,429 - INFO - 💤 Sleeping 18.7s (Safety Delay)...
2026-01-27 11:07:49,098 - INFO - Processing: https://www.creative-biolabs.com/adc/maytansinol-718.htm
2026-01-27 11:08:02,103 - INFO - ✅ Saved: ADC-P-015 | CAS: 57103-68-1 | Name: Maytansinol (
2026-01-27 11:08:02,110 - INFO - 💤 Sleeping 11.3s (Safety Delay)...
2026-01-27 11:08:13,428 - INFO - Processing: https://www.creative-biolabs.com/adc/mmad-721.htm
2026-01-27 11:08:26,339 - INFO - ✅ Saved: ADC-P-018 | CAS: 203849-91-6 | Name: MMAD (
2026-01-27 11:08:26,345 - INFO - 💤 Sleeping 12.1s (Safety Delay)...
2026-01-27 11:08:38,477 - INFO - Processing: https://www.creative-biolabs.com/adc/mmaf-723.htm
2026-01-27 11:08:51,400 - INFO - ✅ Saved: ADC-P-020 | CAS: 745017-94-1 | Name: MMAF (
2026-01-27 11:08:51,406 - INFO - 💤 Sleeping 17.5s (Safety Delay)...
2026-01-27 11:09:08,959 - INFO - Processing: https://www.creative-biolabs.com/adc/monomethyl-auristatin-e-725.htm
2026-01-27 11:09:22,293 - INFO - ✅ Saved: ADC-P-022 | CAS: 474645-27-7 | Name: Monomethyl auristatin E (
2026-01-27 11:09:22,299 - INFO - 💤 Sleeping 15.1s (Safety Delay)...
2026-01-27 11:09:37,461 - INFO - Processing: https://www.creative-biolabs.com/adc/pyrrolobenzodiazepine-dimer-834.htm
2026-01-27 11:09:50,400 - INFO - ✅ Saved: ADC-P-132 | CAS: None | Name: Pyrrolobenzodiazepine Dimer (
2026-01-27 11:09:50,405 - INFO - 💤 Sleeping 17.0s (Safety Delay)...
2026-01-27 11:10:07,396 - INFO - Processing: https://www.creative-biolabs.com/adc/sandramycin-839.htm
2026-01-27 11:10:20,612 - INFO - ✅ Saved: ADC-P-137 | CAS: 100940-65-6 | Name: Sandramycin (
2026-01-27 11:10:20,623 - INFO - 💤 Sleeping 17.7s (Safety Delay)...
2026-01-27 11:10:38,348 - INFO - Processing: https://www.creative-biolabs.com/adc/saporin-848.htm
2026-01-27 11:10:51,644 - INFO - ✅ Saved: ADC-P-146 | CAS: None | Name: Saporin (
2026-01-27 11:10:51,650 - INFO - 💤 Sleeping 15.3s (Safety Delay)...
2026-01-27 11:11:06,947 - INFO - Processing: https://www.creative-biolabs.com/adc/target-list-anti-ab-adcs-3.htm
2026-01-27 11:11:18,533 - WARNING - ⚠️ Cat No not found. Generated: CBL-ADC-3
2026-01-27 11:11:19,888 - INFO - ✅ Saved: CBL-ADC-3 | CAS: None | Name: Anti-Ab ADC Products
2026-01-27 11:11:19,892 - INFO - 💤 Sleeping 16.5s (Safety Delay)...
2026-01-27 11:11:36,362 - INFO - Processing: https://www.creative-biolabs.com/adc/target-list-customized-adcs-1.htm
2026-01-27 11:11:47,971 - WARNING - ⚠️ Cat No not found. Generated: CBL-ADC-1
2026-01-27 11:11:49,281 - INFO - ✅ Saved: CBL-ADC-1 | CAS: None | Name: Customized ADC Products
2026-01-27 11:11:49,285 - INFO - 💤 Sleeping 19.4s (Safety Delay)...
2026-01-27 11:12:08,654 - INFO - Processing: https://www.creative-biolabs.com/adc/target-list-customized-fluoroab-9.htm
2026-01-27 11:12:20,343 - WARNING - ⚠️ Cat No not found. Generated: CBL-ADC-9
2026-01-27 11:12:21,669 - INFO - ✅ Saved: CBL-ADC-9 | CAS: None | Name: Customized FluoroAb™ Products
2026-01-27 11:12:21,675 - INFO - 💤 Sleeping 12.9s (Safety Delay)...
2026-01-27 11:12:34,580 - INFO - 📄 Processing Page 2: https://www.creative-biolabs.com/adc/classify-adc-toxins-6.htm?page=2
2026-01-27 11:12:46,189 - INFO - 🔎 Found 23 products on page 2
2026-01-27 11:12:46,193 - INFO - Processing: https://www.creative-biolabs.com/adc/boc-val-dil-dap-doe-741.htm
2026-01-27 11:12:48,828 - INFO - ✅ Saved: ADC-P-038 | CAS: None | Name: Boc-Val-Dil-Dap-Doe (
2026-01-27 11:12:48,835 - INFO - 💤 Sleeping 15.4s (Safety Delay)...
2026-01-27 11:13:04,238 - INFO - Processing: https://www.creative-biolabs.com/adc/boc-val-dil-dap-oh-739.htm
2026-01-27 11:13:17,202 - INFO - ✅ Saved: ADC-P-036 | CAS: None | Name: Boc-Val-Dil-Dap-OH (
2026-01-27 11:13:17,206 - INFO - 💤 Sleeping 10.7s (Safety Delay)...
2026-01-27 11:13:27,934 - INFO - Processing: https://www.creative-biolabs.com/adc/boc-val-dil-dap-phe-ome-740.htm
2026-01-27 11:13:40,850 - INFO - ✅ Saved: ADC-P-037 | CAS: None | Name: Boc-Val-Dil-Dap-Phe-Ome (
2026-01-27 11:13:40,856 - INFO - 💤 Sleeping 14.9s (Safety Delay)...
2026-01-27 11:13:55,748 - INFO - Processing: https://www.creative-biolabs.com/adc/cryptophycin-738.htm
2026-01-27 11:14:09,202 - INFO - ✅ Saved: ADC-P-035 | CAS: 124689-65-2 | Name: Cryptophycin (
2026-01-27 11:14:09,209 - INFO - 💤 Sleeping 14.9s (Safety Delay)...
2026-01-27 11:14:24,075 - INFO - Processing: https://www.creative-biolabs.com/adc/daunorubicin-hydrochloride-714.htm
2026-01-27 11:14:37,005 - INFO - ✅ Saved: ADC-P-011 | CAS: 23541-50-6 | Name: Daunorubicin Hydrochloride (
2026-01-27 11:14:37,011 - INFO - 💤 Sleeping 19.7s (Safety Delay)...
2026-01-27 11:14:56,730 - INFO - Processing: https://www.creative-biolabs.com/adc/doxorubicin-716.htm
2026-01-27 11:15:09,650 - INFO - ✅ Saved: ADC-P-013 | CAS: 23214-92-8 | Name: Doxorubicin (
2026-01-27 11:15:09,656 - INFO - 💤 Sleeping 12.0s (Safety Delay)...
2026-01-27 11:15:21,679 - INFO - Processing: https://www.creative-biolabs.com/adc/doxorubicin-hydrochloride-717.htm
2026-01-27 11:15:34,795 - INFO - ✅ Saved: ADC-P-014 | CAS: 25316-40-9 | Name: Doxorubicin hydrochloride (
2026-01-27 11:15:34,801 - INFO - 💤 Sleeping 18.8s (Safety Delay)...
2026-01-27 11:15:53,568 - INFO - Processing: https://www.creative-biolabs.com/adc/maytansinoid-ap-3-735.htm
2026-01-27 11:16:06,497 - INFO - ✅ Saved: ADC-P-032 | CAS: 66547-09-9 | Name: Maytansinoid AP-3 (
2026-01-27 11:16:06,505 - INFO - 💤 Sleeping 10.3s (Safety Delay)...
2026-01-27 11:16:16,768 - INFO - Processing: https://www.creative-biolabs.com/adc/methotrexate-719.htm
2026-01-27 11:16:29,692 - INFO - ✅ Saved: ADC-P-016 | CAS: 21672 | Name: Methotrexate (
2026-01-27 11:16:29,698 - INFO - 💤 Sleeping 15.7s (Safety Delay)...
2026-01-27 11:16:45,366 - INFO - Processing: https://www.creative-biolabs.com/adc/mmad-hydrochloride-722.htm
2026-01-27 11:16:58,302 - INFO - ✅ Saved: ADC-P-019 | CAS: 173441-26-4 | Name: MMAD hydrochloride (
2026-01-27 11:16:58,308 - INFO - 💤 Sleeping 13.6s (Safety Delay)...
2026-01-27 11:17:11,867 - INFO - Processing: https://www.creative-biolabs.com/adc/mmaf-hydrochloride-724.htm
2026-01-27 11:17:24,817 - INFO - ✅ Saved: ADC-P-021 | CAS: 1415246-68-2 | Name: MMAF Hydrochloride (
2026-01-27 11:17:24,823 - INFO - 💤 Sleeping 12.5s (Safety Delay)...
2026-01-27 11:17:37,378 - INFO - Processing: https://www.creative-biolabs.com/adc/paclitaxel-726.htm
2026-01-27 11:17:50,291 - INFO - ✅ Saved: ADC-P-023 | CAS: 33069-62-4 | Name: Paclitaxel (
2026-01-27 11:17:50,299 - INFO - 💤 Sleeping 16.7s (Safety Delay)...
2026-01-27 11:18:06,978 - INFO - Processing: https://www.creative-biolabs.com/adc/pf-06380101-727.htm
2026-01-27 11:18:19,906 - INFO - ✅ Saved: ADC-P-024 | CAS: 1436391-86-4 | Name: PF-06380101 (
2026-01-27 11:18:19,912 - INFO - 💤 Sleeping 18.5s (Safety Delay)...
2026-01-27 11:18:38,444 - INFO - Processing: https://www.creative-biolabs.com/adc/pnu-159682-728.htm
2026-01-27 11:18:51,609 - INFO - ✅ Saved: ADC-P-025 | CAS: 202350-68-3 | Name: PNU-159682 (
2026-01-27 11:18:51,615 - INFO - 💤 Sleeping 19.3s (Safety Delay)...
2026-01-27 11:19:10,897 - INFO - Processing: https://www.creative-biolabs.com/adc/taltobulin-729.htm
2026-01-27 11:19:23,813 - INFO - ✅ Saved: ADC-P-026 | CAS: 228266-40-8 | Name: Taltobulin (
2026-01-27 11:19:23,819 - INFO - 💤 Sleeping 18.0s (Safety Delay)...
2026-01-27 11:19:41,822 - INFO - Processing: https://www.creative-biolabs.com/adc/taltobulin-hydrochloride-730.htm
2026-01-27 11:19:54,757 - INFO - ✅ Saved: ADC-P-027 | CAS: None | Name: Taltobulin hydrochloride (
2026-01-27 11:19:54,763 - INFO - 💤 Sleeping 15.6s (Safety Delay)...
2026-01-27 11:20:10,404 - INFO - Processing: https://www.creative-biolabs.com/adc/taltobulin-trifluoroacetate-731.htm
2026-01-27 11:20:23,304 - INFO - ✅ Saved: ADC-P-028 | CAS: 228266-41-9 | Name: Taltobulin trifluoroacetate (
2026-01-27 11:20:23,309 - INFO - 💤 Sleeping 20.0s (Safety Delay)...
2026-01-27 11:20:43,270 - INFO - Processing: https://www.creative-biolabs.com/adc/target-list-anti-ab-adcs-3.htm
2026-01-27 11:20:54,888 - WARNING - ⚠️ Cat No not found. Generated: CBL-ADC-3
2026-01-27 11:20:56,310 - INFO - ✅ Saved: CBL-ADC-3 | CAS: None | Name: Anti-Ab ADC Products
2026-01-27 11:20:56,314 - INFO - 💤 Sleeping 10.8s (Safety Delay)...
2026-01-27 11:21:07,098 - INFO - Processing: https://www.creative-biolabs.com/adc/target-list-customized-adcs-1.htm
2026-01-27 11:21:18,740 - WARNING - ⚠️ Cat No not found. Generated: CBL-ADC-1
2026-01-27 11:21:20,067 - INFO - ✅ Saved: CBL-ADC-1 | CAS: None | Name: Customized ADC Products
2026-01-27 11:21:20,071 - INFO - 💤 Sleeping 14.6s (Safety Delay)...
2026-01-27 11:21:34,724 - INFO - Processing: https://www.creative-biolabs.com/adc/target-list-customized-fluoroab-9.htm
2026-01-27 11:21:44,141 - WARNING - ⚠️ Cat No not found. Generated: CBL-ADC-9
2026-01-27 11:21:56,434 - ERROR - Error processing https://www.creative-biolabs.com/adc/target-list-customized-fluoroab-9.htm: [Errno 11001] getaddrinfo failed
2026-01-27 11:21:56,439 - INFO - 💤 Sleeping 15.5s (Safety Delay)...
2026-01-27 11:22:11,918 - INFO - Processing: https://www.creative-biolabs.com/adc/triptolide-732.htm
2026-01-27 11:22:26,566 - INFO - ✅ Saved: ADC-P-029 | CAS: 38748-32-2 | Name: Triptolide (
2026-01-27 11:22:26,572 - INFO - 💤 Sleeping 18.3s (Safety Delay)...
2026-01-27 11:22:44,920 - INFO - Processing: https://www.creative-biolabs.com/adc/tubulysin-a-733.htm
2026-01-27 11:22:58,116 - INFO - ✅ Saved: ADC-P-030 | CAS: 205304-86-5 | Name: Tubulysin A (
2026-01-27 11:22:58,122 - INFO - 💤 Sleeping 14.7s (Safety Delay)...
2026-01-27 11:23:12,877 - INFO - Processing: https://www.creative-biolabs.com/adc/tubulysin-m-734.htm
2026-01-27 11:23:25,981 - INFO - ✅ Saved: ADC-P-031 | CAS: 205304-86-5 | Name: Tubulysin M (
2026-01-27 11:23:25,987 - INFO - 💤 Sleeping 11.1s (Safety Delay)...
2026-01-27 11:23:37,103 - INFO - 📄 Processing Page 3: https://www.creative-biolabs.com/adc/classify-adc-toxins-6.htm?page=3
2026-01-27 11:23:48,710 - INFO - 🔎 Found 23 products on page 3
2026-01-27 11:23:48,713 - INFO - Processing: https://www.creative-biolabs.com/adc/17-aag-753.htm
2026-01-27 11:23:51,016 - INFO - ✅ Saved: ADC-P-050 | CAS: None | Name: 17-AAG (
2026-01-27 11:23:51,022 - INFO - 💤 Sleeping 17.0s (Safety Delay)...
2026-01-27 11:24:08,047 - INFO - Processing: https://www.creative-biolabs.com/adc/17-aep-ga-756.htm
2026-01-27 11:24:21,056 - INFO - ✅ Saved: ADC-P-053 | CAS: None | Name: 17-AEP-GA (
2026-01-27 11:24:21,062 - INFO - 💤 Sleeping 18.1s (Safety Delay)...
2026-01-27 11:24:39,126 - INFO - Processing: https://www.creative-biolabs.com/adc/17-ah-geldanamycin-761.htm
2026-01-27 11:24:52,183 - INFO - ✅ Saved: ADC-P-058 | CAS: None | Name: 17-AH-Geldanamycin (
2026-01-27 11:24:52,190 - INFO - 💤 Sleeping 10.7s (Safety Delay)...
2026-01-27 11:25:02,929 - INFO - Processing: https://www.creative-biolabs.com/adc/actinomycin-x2-755.htm
2026-01-27 11:25:15,688 - INFO - ✅ Saved: ADC-P-052 | CAS: None | Name: Actinomycin X2 (
2026-01-27 11:25:15,693 - INFO - 💤 Sleeping 12.5s (Safety Delay)...
2026-01-27 11:25:28,226 - INFO - Processing: https://www.creative-biolabs.com/adc/aeroplysinin-1-757.htm
2026-01-27 11:25:41,456 - INFO - ✅ Saved: ADC-P-054 | CAS: None | Name: Aeroplysinin 1 (
2026-01-27 11:25:41,462 - INFO - 💤 Sleeping 10.8s (Safety Delay)...
2026-01-27 11:25:52,243 - INFO - Processing: https://www.creative-biolabs.com/adc/aeruginosin-865-758.htm
2026-01-27 11:26:05,018 - INFO - ✅ Saved: ADC-P-055 | CAS: None | Name: Aeruginosin 865 (
2026-01-27 11:26:05,024 - INFO - 💤 Sleeping 19.6s (Safety Delay)...
2026-01-27 11:26:24,669 - INFO - Processing: https://www.creative-biolabs.com/adc/agrochelin-a-759.htm
2026-01-27 11:26:37,623 - INFO - ✅ Saved: ADC-P-056 | CAS: None | Name: Agrochelin A (
2026-01-27 11:26:37,629 - INFO - 💤 Sleeping 19.1s (Safety Delay)...
2026-01-27 11:26:56,718 - INFO - Processing: https://www.creative-biolabs.com/adc/agrochelin-b-760.htm
2026-01-27 11:27:09,857 - INFO - ✅ Saved: ADC-P-057 | CAS: None | Name: Agrochelin B (
2026-01-27 11:27:09,863 - INFO - 💤 Sleeping 10.3s (Safety Delay)...
2026-01-27 11:27:20,193 - INFO - Processing: https://www.creative-biolabs.com/adc/ansatrienin-b-763.htm
2026-01-27 11:27:32,999 - INFO - ✅ Saved: ADC-P-060 | CAS: None | Name: Ansatrienin B (
2026-01-27 11:27:33,004 - INFO - 💤 Sleeping 19.4s (Safety Delay)...
2026-01-27 11:27:52,419 - INFO - Processing: https://www.creative-biolabs.com/adc/boc-nme-val-val-dil-dap-oh-742.htm
2026-01-27 11:28:05,401 - INFO - ✅ Saved: ADC-P-039 | CAS: None | Name: Boc-Nme-Val-Val-Dil-Dap-OH (
2026-01-27 11:28:05,407 - INFO - 💤 Sleeping 16.4s (Safety Delay)...
2026-01-27 11:28:21,783 - INFO - Processing: https://www.creative-biolabs.com/adc/duocarmycin-dm-749.htm
2026-01-27 11:28:35,216 - INFO - ✅ Saved: ADC-P-046 | CAS: None | Name: Duocarmycin DM (
2026-01-27 11:28:35,221 - INFO - 💤 Sleeping 18.0s (Safety Delay)...
2026-01-27 11:28:53,258 - INFO - Processing: https://www.creative-biolabs.com/adc/duocarmycin-ma-748.htm
2026-01-27 11:29:06,273 - INFO - ✅ Saved: ADC-P-045 | CAS: None | Name: Duocarmycin MA (
2026-01-27 11:29:06,278 - INFO - 💤 Sleeping 14.0s (Safety Delay)...
2026-01-27 11:29:20,283 - INFO - Processing: https://www.creative-biolabs.com/adc/duocarmycin-sa-746.htm
2026-01-27 11:29:33,067 - INFO - ✅ Saved: ADC-P-043 | CAS: 130288-24-3 | Name: Duocarmycin SA (
2026-01-27 11:29:33,072 - INFO - 💤 Sleeping 14.7s (Safety Delay)...
2026-01-27 11:29:47,805 - INFO - Processing: https://www.creative-biolabs.com/adc/duocarmycin-tm-747.htm
2026-01-27 11:30:00,542 - INFO - ✅ Saved: ADC-P-044 | CAS: None | Name: Duocarmycin TM (
2026-01-27 11:30:00,548 - INFO - 💤 Sleeping 17.5s (Safety Delay)...
2026-01-27 11:30:18,096 - INFO - Processing: https://www.creative-biolabs.com/adc/epothilone-a-751.htm
2026-01-27 11:30:30,851 - INFO - ✅ Saved: ADC-P-048 | CAS: None | Name: Epothilone A (
2026-01-27 11:30:30,857 - INFO - 💤 Sleeping 15.4s (Safety Delay)...
2026-01-27 11:30:46,217 - INFO - Processing: https://www.creative-biolabs.com/adc/gamma-amanitin-762.htm
2026-01-27 11:30:59,254 - INFO - ✅ Saved: ADC-P-059 | CAS: None | Name: gamma-Amanitin (
2026-01-27 11:30:59,261 - INFO - 💤 Sleeping 18.2s (Safety Delay)...
2026-01-27 11:31:17,433 - INFO - Processing: https://www.creative-biolabs.com/adc/nemorubicin-750.htm
2026-01-27 11:31:30,181 - INFO - ✅ Saved: ADC-P-047 | CAS: 108852-90-0 | Name: Nemorubicin (
2026-01-27 11:31:30,187 - INFO - 💤 Sleeping 11.1s (Safety Delay)...
2026-01-27 11:31:41,348 - INFO - Processing: https://www.creative-biolabs.com/adc/target-list-anti-ab-adcs-3.htm
2026-01-27 11:31:52,924 - WARNING - ⚠️ Cat No not found. Generated: CBL-ADC-3
2026-01-27 11:31:54,118 - INFO - ✅ Saved: CBL-ADC-3 | CAS: None | Name: Anti-Ab ADC Products
2026-01-27 11:31:54,123 - INFO - 💤 Sleeping 12.7s (Safety Delay)...
2026-01-27 11:32:06,827 - INFO - Processing: https://www.creative-biolabs.com/adc/target-list-customized-adcs-1.htm
2026-01-27 11:32:09,821 - WARNING - ⚠️ Cat No not found. Generated: CBL-ADC-1
2026-01-27 11:32:22,020 - ERROR - Error processing https://www.creative-biolabs.com/adc/target-list-customized-adcs-1.htm: [Errno 11001] getaddrinfo failed
2026-01-27 11:32:22,025 - INFO - 💤 Sleeping 10.3s (Safety Delay)...
2026-01-27 11:32:32,374 - INFO - Processing: https://www.creative-biolabs.com/adc/target-list-customized-fluoroab-9.htm
2026-01-27 11:32:45,497 - WARNING - ⚠️ Cat No not found. Generated: CBL-ADC-9
2026-01-27 11:32:46,939 - INFO - ✅ Saved: CBL-ADC-9 | CAS: None | Name: Customized FluoroAb™ Products
2026-01-27 11:32:46,943 - INFO - 💤 Sleeping 16.8s (Safety Delay)...
2026-01-27 11:33:03,714 - INFO - Processing: https://www.creative-biolabs.com/adc/tubulysin-im-1-743.htm
2026-01-27 11:33:16,830 - INFO - ✅ Saved: ADC-P-040 | CAS: None | Name: Tubulysin IM-1 (
2026-01-27 11:33:16,836 - INFO - 💤 Sleeping 17.3s (Safety Delay)...
2026-01-27 11:33:34,117 - INFO - Processing: https://www.creative-biolabs.com/adc/tubulysin-im-2-744.htm
2026-01-27 11:33:47,165 - INFO - ✅ Saved: ADC-P-041 | CAS: None | Name: Tubulysin IM-2 (
2026-01-27 11:33:47,170 - INFO - 💤 Sleeping 12.8s (Safety Delay)...
2026-01-27 11:33:59,967 - INFO - Processing: https://www.creative-biolabs.com/adc/tubulysin-im-3-745.htm
2026-01-27 11:34:13,354 - INFO - ✅ Saved: ADC-P-042 | CAS: None | Name: Tubulysin IM-3 (
2026-01-27 11:34:13,360 - INFO - 💤 Sleeping 17.1s (Safety Delay)...
2026-01-27 11:34:30,452 - INFO - 📄 Processing Page 4: https://www.creative-biolabs.com/adc/classify-adc-toxins-6.htm?page=4
2026-01-27 11:34:42,374 - INFO - 🔎 Found 23 products on page 4
2026-01-27 11:34:42,378 - INFO - Processing: https://www.creative-biolabs.com/adc/aphidicolin-764.htm
2026-01-27 11:34:44,604 - INFO - ✅ Saved: ADC-P-061 | CAS: None | Name: Aphidicolin (
2026-01-27 11:34:44,610 - INFO - 💤 Sleeping 12.3s (Safety Delay)...
2026-01-27 11:34:56,904 - INFO - Processing: https://www.creative-biolabs.com/adc/apoptolidin-765.htm
2026-01-27 11:35:10,207 - INFO - ✅ Saved: ADC-P-062 | CAS: None | Name: Apoptolidin (
2026-01-27 11:35:10,213 - INFO - 💤 Sleeping 14.6s (Safety Delay)...
2026-01-27 11:35:24,786 - INFO - Processing: https://www.creative-biolabs.com/adc/azd4547-free-base-766.htm
2026-01-27 11:35:37,802 - INFO - ✅ Saved: ADC-P-063 | CAS: None | Name: AZD4547, Free Base (
2026-01-27 11:35:37,807 - INFO - 💤 Sleeping 16.2s (Safety Delay)...
2026-01-27 11:35:54,026 - INFO - Processing: https://www.creative-biolabs.com/adc/azd8055-free-base-767.htm
2026-01-27 11:36:07,084 - INFO - ✅ Saved: ADC-P-064 | CAS: None | Name: AZD8055, Free Base (
2026-01-27 11:36:07,089 - INFO - 💤 Sleeping 17.9s (Safety Delay)...
2026-01-27 11:36:24,966 - INFO - Processing: https://www.creative-biolabs.com/adc/bafilomycin-a1-768.htm
2026-01-27 11:36:27,116 - INFO - ✅ Saved: ADC-P-065 | CAS: None | Name: Bafilomycin A1 (
2026-01-27 11:36:27,122 - INFO - 💤 Sleeping 16.0s (Safety Delay)...
2026-01-27 11:36:43,167 - INFO - Processing: https://www.creative-biolabs.com/adc/chaetocin-769.htm
2026-01-27 11:36:56,191 - INFO - ✅ Saved: ADC-P-067 | CAS: None | Name: Chaetocin (
2026-01-27 11:36:56,197 - INFO - 💤 Sleeping 12.5s (Safety Delay)...
2026-01-27 11:37:08,673 - INFO - Processing: https://www.creative-biolabs.com/adc/chaetoglobosin-770.htm
2026-01-27 11:37:21,731 - INFO - ✅ Saved: ADC-P-068 | CAS: None | Name: Chaetoglobosin (
2026-01-27 11:37:21,737 - INFO - 💤 Sleeping 16.0s (Safety Delay)...
2026-01-27 11:37:37,745 - INFO - Processing: https://www.creative-biolabs.com/adc/chaetoglobosin-c13-unlabeled-771.htm
2026-01-27 11:37:51,175 - INFO - ✅ Saved: ADC-P-069 | CAS: None | Name: Chaetoglobosin C13 (unlabeled) (
2026-01-27 11:37:51,181 - INFO - 💤 Sleeping 15.4s (Safety Delay)...
2026-01-27 11:38:06,628 - INFO - Processing: https://www.creative-biolabs.com/adc/chlamydocin-772.htm
2026-01-27 11:38:19,467 - INFO - ✅ Saved: ADC-P-070 | CAS: None | Name: Chlamydocin (
2026-01-27 11:38:19,472 - INFO - 💤 Sleeping 19.2s (Safety Delay)...
2026-01-27 11:38:38,631 - INFO - Processing: https://www.creative-biolabs.com/adc/cinerubin-b-773.htm
2026-01-27 11:38:51,473 - INFO - ✅ Saved: ADC-P-071 | CAS: 35906-51-5 | Name: Cinerubin B (
2026-01-27 11:38:51,479 - INFO - 💤 Sleeping 16.0s (Safety Delay)...
2026-01-27 11:39:07,493 - INFO - Processing: https://www.creative-biolabs.com/adc/colchicine-774.htm
2026-01-27 11:39:20,350 - INFO - ✅ Saved: ADC-P-072 | CAS: 64-86-8 | Name: Colchicine (
2026-01-27 11:39:20,357 - INFO - 💤 Sleeping 16.5s (Safety Delay)...
2026-01-27 11:39:36,891 - INFO - Processing: https://www.creative-biolabs.com/adc/combretastatin-a4-775.htm
2026-01-27 11:39:49,743 - INFO - ✅ Saved: ADC-P-073 | CAS: 117048-59-6 | Name: Combretastatin-A4 (
2026-01-27 11:39:49,750 - INFO - 💤 Sleeping 14.8s (Safety Delay)...
2026-01-27 11:40:04,509 - INFO - Processing: https://www.creative-biolabs.com/adc/compound-cl0485-776.htm
2026-01-27 11:40:17,357 - INFO - ✅ Saved: ADC-P-074 | CAS: 723340-57-6 | Name: Compound CL0485 (
2026-01-27 11:40:17,363 - INFO - 💤 Sleeping 19.4s (Safety Delay)...
2026-01-27 11:40:36,789 - INFO - Processing: https://www.creative-biolabs.com/adc/cordycepin-777.htm
2026-01-27 11:40:49,615 - INFO - ✅ Saved: ADC-P-075 | CAS: 73-03-0 | Name: Cordycepin (
2026-01-27 11:40:49,621 - INFO - 💤 Sleeping 13.8s (Safety Delay)...
2026-01-27 11:41:03,403 - INFO - Processing: https://www.creative-biolabs.com/adc/cucurbitacin-b-778.htm
2026-01-27 11:41:16,381 - INFO - ✅ Saved: ADC-P-076 | CAS: 6199-67-3 | Name: Cucurbitacin B (
2026-01-27 11:41:16,388 - INFO - 💤 Sleeping 14.7s (Safety Delay)...
2026-01-27 11:41:31,081 - INFO - Processing: https://www.creative-biolabs.com/adc/cucurbitacin-e-779.htm
2026-01-27 11:41:43,932 - INFO - ✅ Saved: ADC-P-077 | CAS: 18444-66-1 | Name: Cucurbitacin E (
2026-01-27 11:41:43,938 - INFO - 💤 Sleeping 19.7s (Safety Delay)...
2026-01-27 11:42:03,677 - INFO - Processing: https://www.creative-biolabs.com/adc/curvulin-780.htm
2026-01-27 11:42:16,550 - INFO - ✅ Saved: ADC-P-078 | CAS: 19054-27-4 | Name: Curvulin (
2026-01-27 11:42:16,555 - INFO - 💤 Sleeping 14.0s (Safety Delay)...
2026-01-27 11:42:30,547 - INFO - Processing: https://www.creative-biolabs.com/adc/cyclopamine-free-base-781.htm
2026-01-27 11:42:43,369 - INFO - ✅ Saved: ADC-P-079 | CAS: 4449-51-8 | Name: Cyclopamine, Free Base (
2026-01-27 11:42:43,375 - INFO - 💤 Sleeping 17.1s (Safety Delay)...
2026-01-27 11:43:00,431 - INFO - Processing: https://www.creative-biolabs.com/adc/daunorubicin-hcl-782.htm
2026-01-27 11:43:13,096 - INFO - ✅ Saved: ADC-P-080 | CAS: 23541-50-6 | Name: Daunorubicin HCl (
2026-01-27 11:43:13,102 - INFO - 💤 Sleeping 12.4s (Safety Delay)...
2026-01-27 11:43:25,500 - INFO - Processing: https://www.creative-biolabs.com/adc/dl-dithiothreitol-dtt-783.htm
2026-01-27 11:43:38,183 - INFO - ✅ Saved: ADC-P-081 | CAS: 3483-12-3 | Name: DL-Dithiothreitol/DTT (
2026-01-27 11:43:38,188 - INFO - 💤 Sleeping 16.9s (Safety Delay)...
2026-01-27 11:43:55,105 - INFO - Processing: https://www.creative-biolabs.com/adc/target-list-anti-ab-adcs-3.htm
2026-01-27 11:44:06,618 - WARNING - ⚠️ Cat No not found. Generated: CBL-ADC-3
2026-01-27 11:44:07,759 - INFO - ✅ Saved: CBL-ADC-3 | CAS: None | Name: Anti-Ab ADC Products
2026-01-27 11:44:07,763 - INFO - 💤 Sleeping 16.2s (Safety Delay)...
2026-01-27 11:44:23,925 - INFO - Processing: https://www.creative-biolabs.com/adc/target-list-customized-adcs-1.htm
2026-01-27 11:44:35,461 - WARNING - ⚠️ Cat No not found. Generated: CBL-ADC-1
2026-01-27 11:44:36,636 - INFO - ✅ Saved: CBL-ADC-1 | CAS: None | Name: Customized ADC Products
2026-01-27 11:44:36,639 - INFO - 💤 Sleeping 10.8s (Safety Delay)...
2026-01-27 11:44:47,503 - INFO - Processing: https://www.creative-biolabs.com/adc/target-list-customized-fluoroab-9.htm
2026-01-27 11:45:04,588 - WARNING - ⚠️ Cat No not found. Generated: CBL-ADC-9
2026-01-27 11:45:06,436 - INFO - ✅ Saved: CBL-ADC-9 | CAS: None | Name: Customized FluoroAb™ Products
2026-01-27 11:45:06,439 - INFO - 💤 Sleeping 15.3s (Safety Delay)...
2026-01-27 11:45:21,743 - INFO - 📄 Processing Page 5: https://www.creative-biolabs.com/adc/classify-adc-toxins-6.htm?page=5
2026-01-27 11:45:34,160 - INFO - 🔎 Found 23 products on page 5
2026-01-27 11:45:34,163 - INFO - Processing: https://www.creative-biolabs.com/adc/17-dmap-ga-786.htm
2026-01-27 11:45:36,763 - INFO - ✅ Saved: ADC-P-084 | CAS: None | Name: 17-DMAP-GA (
2026-01-27 11:45:36,769 - INFO - 💤 Sleeping 13.0s (Safety Delay)...
2026-01-27 11:45:49,806 - INFO - Processing: https://www.creative-biolabs.com/adc/17-gmb-apa-ga-796.htm
2026-01-27 11:46:03,898 - INFO - ✅ Saved: ADC-P-094 | CAS: None | Name: 17-GMB-APA-GA (
2026-01-27 11:46:03,905 - INFO - 💤 Sleeping 12.3s (Safety Delay)...
2026-01-27 11:46:16,173 - INFO - Processing: https://www.creative-biolabs.com/adc/4-methyl-ahtea-puwainaphycin-f-791.htm
2026-01-27 11:46:29,784 - INFO - ✅ Saved: ADC-P-089 | CAS: None | Name: 4-methyl-Ahtea-Puwainaphycin F (
2026-01-27 11:46:29,791 - INFO - 💤 Sleeping 15.4s (Safety Delay)...
2026-01-27 11:46:45,202 - INFO - Processing: https://www.creative-biolabs.com/adc/9-hydroxyellipticine-hydrochloride-800.htm
2026-01-27 11:46:58,883 - INFO - ✅ Saved: ADC-P-098 | CAS: 52238-35-4 | Name: 9-Hydroxyellipticine, hydrochloride (
2026-01-27 11:46:58,891 - INFO - 💤 Sleeping 13.3s (Safety Delay)...
2026-01-27 11:47:12,189 - INFO - Processing: https://www.creative-biolabs.com/adc/beta-amanitin-790.htm
2026-01-27 11:47:25,838 - INFO - ✅ Saved: ADC-P-088 | CAS: 21150-22-1 | Name: beta-Amanitin (
2026-01-27 11:47:25,844 - INFO - 💤 Sleeping 10.9s (Safety Delay)...
2026-01-27 11:47:36,730 - INFO - Processing: https://www.creative-biolabs.com/adc/dl-dithiothreitol-dtt-biotech-grade-784.htm
2026-01-27 11:47:50,451 - INFO - ✅ Saved: ADC-P-082 | CAS: 3483-12-3 | Name: DL-Dithiothreitol/DTT - biotech grade (
2026-01-27 11:47:50,458 - INFO - 💤 Sleeping 16.6s (Safety Delay)...
2026-01-27 11:48:07,020 - INFO - Processing: https://www.creative-biolabs.com/adc/dl-dithiothreitol-dtt-pure-grade-785.htm
2026-01-27 11:48:19,854 - INFO - ✅ Saved: ADC-P-083 | CAS: 3483-12-3 | Name: DL-Dithiothreitol/DTT - pure grade (
2026-01-27 11:48:19,861 - INFO - 💤 Sleeping 15.2s (Safety Delay)...
2026-01-27 11:48:35,018 - INFO - Processing: https://www.creative-biolabs.com/adc/dolastatin-15-787.htm
2026-01-27 11:48:47,870 - INFO - ✅ Saved: ADC-P-085 | CAS: 123884-00-4 | Name: Dolastatin 15 (
2026-01-27 11:48:47,877 - INFO - 💤 Sleeping 15.3s (Safety Delay)...
2026-01-27 11:49:03,182 - INFO - Processing: https://www.creative-biolabs.com/adc/epothilone-b-789.htm
2026-01-27 11:49:15,993 - INFO - ✅ Saved: ADC-P-087 | CAS: 152044-54-7 | Name: Epothilone B (
2026-01-27 11:49:15,998 - INFO - 💤 Sleeping 10.4s (Safety Delay)...
2026-01-27 11:49:26,396 - INFO - Processing: https://www.creative-biolabs.com/adc/ferulenol-792.htm
2026-01-27 11:49:39,487 - INFO - ✅ Saved: ADC-P-090 | CAS: 6805-34-1 | Name: Ferulenol (
2026-01-27 11:49:39,493 - INFO - 💤 Sleeping 12.1s (Safety Delay)...
2026-01-27 11:49:51,568 - INFO - Processing: https://www.creative-biolabs.com/adc/fumagillin-793.htm
2026-01-27 11:50:04,403 - INFO - ✅ Saved: ADC-P-091 | CAS: 23110-15-8 | Name: Fumagillin (
2026-01-27 11:50:04,410 - INFO - 💤 Sleeping 19.1s (Safety Delay)...
2026-01-27 11:50:23,493 - INFO - Processing: https://www.creative-biolabs.com/adc/geldanamycin-794.htm
2026-01-27 11:50:36,291 - INFO - ✅ Saved: ADC-P-092 | CAS: 30562-34-6 | Name: Geldanamycin (
2026-01-27 11:50:36,297 - INFO - 💤 Sleeping 11.8s (Safety Delay)...
2026-01-27 11:50:48,120 - INFO - Processing: https://www.creative-biolabs.com/adc/glucopiericidin-a-795.htm
2026-01-27 11:51:00,949 - INFO - ✅ Saved: ADC-P-093 | CAS: 108073-65-0 | Name: Glucopiericidin A (
2026-01-27 11:51:00,954 - INFO - 💤 Sleeping 15.5s (Safety Delay)...
2026-01-27 11:51:16,491 - INFO - Processing: https://www.creative-biolabs.com/adc/gramicidin-a-797.htm
2026-01-27 11:51:29,341 - INFO - ✅ Saved: ADC-P-095 | CAS: 11029-61-1 | Name: Gramicidin A (
2026-01-27 11:51:29,347 - INFO - 💤 Sleeping 15.1s (Safety Delay)...
2026-01-27 11:51:44,433 - INFO - Processing: https://www.creative-biolabs.com/adc/herboxidiene-798.htm
2026-01-27 11:51:57,611 - INFO - ✅ Saved: ADC-P-096 | CAS: 142861-00-5 | Name: Herboxidiene (
2026-01-27 11:51:57,617 - INFO - 💤 Sleeping 10.8s (Safety Delay)...
2026-01-27 11:52:08,458 - INFO - Processing: https://www.creative-biolabs.com/adc/hl-100-al1-r01-h-3137-799.htm
2026-01-27 11:52:21,241 - INFO - ✅ Saved: ADC-P-097 | CAS: None | Name: HL-100-AL1-R01 (H-3137) (
2026-01-27 11:52:21,246 - INFO - 💤 Sleeping 16.4s (Safety Delay)...
2026-01-27 11:52:37,698 - INFO - Processing: https://www.creative-biolabs.com/adc/hygrolidin-801.htm
2026-01-27 11:52:50,495 - INFO - ✅ Saved: ADC-P-099 | CAS: 83329-73-1 | Name: Hygrolidin (
2026-01-27 11:52:50,501 - INFO - 💤 Sleeping 11.9s (Safety Delay)...
2026-01-27 11:53:02,394 - INFO - Processing: https://www.creative-biolabs.com/adc/hypothemycin-802.htm
2026-01-27 11:53:15,271 - INFO - ✅ Saved: ADC-P-100 | CAS: 76958-67-3 | Name: Hypothemycin (
2026-01-27 11:53:15,277 - INFO - 💤 Sleeping 10.8s (Safety Delay)...
2026-01-27 11:53:26,123 - INFO - Processing: https://www.creative-biolabs.com/adc/ilimaquinone-803.htm
2026-01-27 11:53:38,941 - INFO - ✅ Saved: ADC-P-101 | CAS: 71678-03-0 | Name: Ilimaquinone (
2026-01-27 11:53:38,946 - INFO - 💤 Sleeping 10.1s (Safety Delay)...
2026-01-27 11:53:49,052 - INFO - Processing: https://www.creative-biolabs.com/adc/isatropolone-a-804.htm
2026-01-27 11:54:02,496 - INFO - ✅ Saved: ADC-P-102 | CAS: None | Name: Isatropolone A (
2026-01-27 11:54:02,501 - INFO - 💤 Sleeping 18.6s (Safety Delay)...
2026-01-27 11:54:21,065 - INFO - Processing: https://www.creative-biolabs.com/adc/target-list-anti-ab-adcs-3.htm
2026-01-27 11:54:32,683 - WARNING - ⚠️ Cat No not found. Generated: CBL-ADC-3
2026-01-27 11:54:33,913 - INFO - ✅ Saved: CBL-ADC-3 | CAS: None | Name: Anti-Ab ADC Products
2026-01-27 11:54:33,917 - INFO - 💤 Sleeping 19.8s (Safety Delay)...
2026-01-27 11:54:53,703 - INFO - Processing: https://www.creative-biolabs.com/adc/target-list-customized-adcs-1.htm
2026-01-27 11:55:05,289 - WARNING - ⚠️ Cat No not found. Generated: CBL-ADC-1
2026-01-27 11:55:06,520 - INFO - ✅ Saved: CBL-ADC-1 | CAS: None | Name: Customized ADC Products
2026-01-27 11:55:06,524 - INFO - 💤 Sleeping 16.9s (Safety Delay)...
2026-01-27 11:55:23,408 - INFO - Processing: https://www.creative-biolabs.com/adc/target-list-customized-fluoroab-9.htm
2026-01-27 11:55:36,539 - WARNING - ⚠️ Cat No not found. Generated: CBL-ADC-9
2026-01-27 11:55:38,561 - INFO - ✅ Saved: CBL-ADC-9 | CAS: None | Name: Customized FluoroAb™ Products
2026-01-27 11:55:38,564 - INFO - 💤 Sleeping 18.4s (Safety Delay)...
2026-01-27 11:55:56,998 - INFO - 📄 Processing Page 6: https://www.creative-biolabs.com/adc/classify-adc-toxins-6.htm?page=6
2026-01-27 11:56:09,431 - INFO - 🔎 Found 23 products on page 6
2026-01-27 11:56:09,435 - INFO - Processing: https://www.creative-biolabs.com/adc/alpha-amanitin-fungal-fermentation-origin-809.htm
2026-01-27 11:56:14,950 - INFO - ✅ Saved: ADC-P-107 | CAS: 23109-05-9 | Name: alpha-Amanitin - fungal fermentation origin (
2026-01-27 11:56:14,957 - INFO - 💤 Sleeping 16.8s (Safety Delay)...
2026-01-27 11:56:31,712 - INFO - Processing: https://www.creative-biolabs.com/adc/isofistularin-3-805.htm
2026-01-27 11:56:45,816 - INFO - ✅ Saved: ADC-P-103 | CAS: 87099-50-1 | Name: Isofistularin-3 (
2026-01-27 11:56:45,821 - INFO - 💤 Sleeping 11.4s (Safety Delay)...
2026-01-27 11:56:57,225 - INFO - Processing: https://www.creative-biolabs.com/adc/ixabepilone-free-base-806.htm
2026-01-27 11:57:11,167 - INFO - ✅ Saved: ADC-P-104 | CAS: 219989-84-1 | Name: Ixabepilone, Free Base (
2026-01-27 11:57:11,173 - INFO - 💤 Sleeping 17.7s (Safety Delay)...
2026-01-27 11:57:28,853 - INFO - Processing: https://www.creative-biolabs.com/adc/jw-55-807.htm
2026-01-27 11:57:42,691 - INFO - ✅ Saved: ADC-P-105 | CAS: 664993-53-7 | Name: JW 55 (
2026-01-27 11:57:42,697 - INFO - 💤 Sleeping 19.0s (Safety Delay)...
2026-01-27 11:58:01,688 - INFO - Processing: https://www.creative-biolabs.com/adc/lactacystin-808.htm
2026-01-27 11:58:15,587 - INFO - ✅ Saved: ADC-P-106 | CAS: 133343-34-7 | Name: Lactacystin (
2026-01-27 11:58:15,593 - INFO - 💤 Sleeping 17.3s (Safety Delay)...
2026-01-27 11:58:32,931 - INFO - Processing: https://www.creative-biolabs.com/adc/luisol-a-810.htm
2026-01-27 11:58:46,044 - INFO - ✅ Saved: ADC-P-108 | CAS: 225110-59-8 | Name: Luisol A (
2026-01-27 11:58:46,048 - INFO - 💤 Sleeping 14.0s (Safety Delay)...
2026-01-27 11:59:00,028 - INFO - Processing: https://www.creative-biolabs.com/adc/mechercharmycin-a-811.htm
2026-01-27 11:59:13,508 - INFO - ✅ Saved: ADC-P-109 | CAS: 822520-96-7 | Name: Mechercharmycin A (
2026-01-27 11:59:13,516 - INFO - 💤 Sleeping 11.1s (Safety Delay)...
2026-01-27 11:59:24,592 - INFO - Processing: https://www.creative-biolabs.com/adc/mensacarcin-812.htm
2026-01-27 11:59:37,741 - INFO - ✅ Saved: ADC-P-110 | CAS: 808750-39-2 | Name: Mensacarcin (
2026-01-27 11:59:37,748 - INFO - 💤 Sleeping 11.2s (Safety Delay)...
2026-01-27 11:59:48,982 - INFO - Processing: https://www.creative-biolabs.com/adc/microcolin-b-813.htm
2026-01-27 12:00:02,388 - INFO - ✅ Saved: ADC-P-111 | CAS: None | Name: Microcolin B (
2026-01-27 12:00:02,393 - INFO - 💤 Sleeping 15.4s (Safety Delay)...
2026-01-27 12:00:17,793 - INFO - Processing: https://www.creative-biolabs.com/adc/microcystin-lr-814.htm
2026-01-27 12:00:30,963 - INFO - ✅ Saved: ADC-P-112 | CAS: 169789-55-3 | Name: Microcystin LR (
2026-01-27 12:00:30,969 - INFO - 💤 Sleeping 15.4s (Safety Delay)...
2026-01-27 12:00:46,344 - INFO - Processing: https://www.creative-biolabs.com/adc/monomethyl-auristatin-f-methyl-ester-815.htm
2026-01-27 12:00:59,481 - INFO - ✅ Saved: ADC-P-113 | CAS: None | Name: Monomethyl auristatin F methyl ester (
2026-01-27 12:00:59,488 - INFO - 💤 Sleeping 18.2s (Safety Delay)...
2026-01-27 12:01:17,733 - INFO - Processing: https://www.creative-biolabs.com/adc/muscotoxin-a-816.htm
2026-01-27 12:01:30,854 - INFO - ✅ Saved: ADC-P-114 | CAS: None | Name: Muscotoxin A (
2026-01-27 12:01:30,862 - INFO - 💤 Sleeping 16.4s (Safety Delay)...
2026-01-27 12:01:47,237 - INFO - Processing: https://www.creative-biolabs.com/adc/myoseverin-817.htm
2026-01-27 12:02:00,365 - INFO - ✅ Saved: ADC-P-115 | CAS: 267402-71-1 | Name: Myoseverin (
2026-01-27 12:02:00,372 - INFO - 💤 Sleeping 14.7s (Safety Delay)...
2026-01-27 12:02:15,094 - INFO - Processing: https://www.creative-biolabs.com/adc/mytoxin-b-818.htm
2026-01-27 12:02:28,209 - INFO - ✅ Saved: ADC-P-116 | CAS: 105049-15-8 | Name: Mytoxin B (
2026-01-27 12:02:28,215 - INFO - 💤 Sleeping 12.4s (Safety Delay)...
2026-01-27 12:02:40,586 - INFO - Processing: https://www.creative-biolabs.com/adc/n-acetyl-calicheamicin-g1-819.htm
2026-01-27 12:02:53,745 - INFO - ✅ Saved: ADC-P-117 | CAS: 108212-76-6 | Name: N-acetyl Calicheamicin g1 (
2026-01-27 12:02:53,750 - INFO - 💤 Sleeping 19.8s (Safety Delay)...
2026-01-27 12:03:13,508 - INFO - Processing: https://www.creative-biolabs.com/adc/nocuolin-a-820.htm
2026-01-27 12:03:26,539 - INFO - ✅ Saved: ADC-P-118 | CAS: None | Name: Nocuolin A (
2026-01-27 12:03:26,547 - INFO - 💤 Sleeping 19.6s (Safety Delay)...
2026-01-27 12:03:46,128 - INFO - Processing: https://www.creative-biolabs.com/adc/okilactomycin-821.htm
2026-01-27 12:03:56,750 - INFO - ✅ Saved: ADC-P-119 | CAS: 111367-04-5 | Name: Okilactomycin (
2026-01-27 12:03:56,756 - INFO - 💤 Sleeping 16.0s (Safety Delay)...
2026-01-27 12:04:12,748 - INFO - Processing: https://www.creative-biolabs.com/adc/oligomycin-b-822.htm
2026-01-27 12:04:25,802 - INFO - ✅ Saved: ADC-P-120 | CAS: 11050-94-5 | Name: Oligomycin B (
2026-01-27 12:04:25,809 - INFO - 💤 Sleeping 19.3s (Safety Delay)...
2026-01-27 12:04:45,086 - INFO - Processing: https://www.creative-biolabs.com/adc/phallacidin-823.htm
2026-01-27 12:04:58,180 - INFO - ✅ Saved: ADC-P-121 | CAS: 26645-35-2 | Name: Phallacidin (
2026-01-27 12:04:58,187 - INFO - 💤 Sleeping 11.9s (Safety Delay)...
2026-01-27 12:05:10,062 - INFO - Processing: https://www.creative-biolabs.com/adc/phytosphingosine-825.htm
2026-01-27 12:05:23,110 - INFO - ✅ Saved: ADC-P-123 | CAS: 554-62-1 | Name: Phytosphingosine (
2026-01-27 12:05:23,117 - INFO - 💤 Sleeping 17.5s (Safety Delay)...
2026-01-27 12:05:40,593 - INFO - Processing: https://www.creative-biolabs.com/adc/target-list-anti-ab-adcs-3.htm
2026-01-27 12:05:52,540 - WARNING - ⚠️ Cat No not found. Generated: CBL-ADC-3
2026-01-27 12:05:53,951 - INFO - ✅ Saved: CBL-ADC-3 | CAS: None | Name: Anti-Ab ADC Products
2026-01-27 12:05:53,955 - INFO - 💤 Sleeping 16.5s (Safety Delay)...
2026-01-27 12:06:10,483 - INFO - Processing: https://www.creative-biolabs.com/adc/target-list-customized-adcs-1.htm
2026-01-27 12:06:22,116 - WARNING - ⚠️ Cat No not found. Generated: CBL-ADC-1
2026-01-27 12:06:23,541 - INFO - ✅ Saved: CBL-ADC-1 | CAS: None | Name: Customized ADC Products
2026-01-27 12:06:23,546 - INFO - 💤 Sleeping 12.3s (Safety Delay)...
2026-01-27 12:06:35,903 - INFO - Processing: https://www.creative-biolabs.com/adc/target-list-customized-fluoroab-9.htm
2026-01-27 12:06:47,517 - WARNING - ⚠️ Cat No not found. Generated: CBL-ADC-9
2026-01-27 12:06:48,962 - INFO - ✅ Saved: CBL-ADC-9 | CAS: None | Name: Customized FluoroAb™ Products
2026-01-27 12:06:48,966 - INFO - 💤 Sleeping 10.8s (Safety Delay)...
2026-01-27 12:06:59,722 - INFO - 📄 Processing Page 7: https://www.creative-biolabs.com/adc/classify-adc-toxins-6.htm?page=7
2026-01-27 12:07:11,449 - INFO - 🔎 Found 23 products on page 7
2026-01-27 12:07:11,453 - INFO - Processing: https://www.creative-biolabs.com/adc/doxo-emch-847.htm
2026-01-27 12:07:14,149 - INFO - ✅ Saved: ADC-P-145 | CAS: 151038-96-9 | Name: DOXO-EMCH (
2026-01-27 12:07:14,156 - INFO - 💤 Sleeping 18.9s (Safety Delay)...
2026-01-27 12:07:33,103 - INFO - Processing: https://www.creative-biolabs.com/adc/epsilon-amanitin-832.htm
2026-01-27 12:07:46,924 - INFO - ✅ Saved: ADC-P-130 | CAS: 21705-02-2 | Name: epsilon-Amanitin (
2026-01-27 12:07:46,929 - INFO - 💤 Sleeping 17.5s (Safety Delay)...
2026-01-27 12:08:04,458 - INFO - Processing: https://www.creative-biolabs.com/adc/piericidin-a-826.htm
2026-01-27 12:08:17,529 - INFO - ✅ Saved: ADC-P-124 | CAS: 2738-64-9 | Name: Piericidin A (
2026-01-27 12:08:17,535 - INFO - 💤 Sleeping 17.6s (Safety Delay)...
2026-01-27 12:08:35,185 - INFO - Processing: https://www.creative-biolabs.com/adc/pironetin-827.htm
2026-01-27 12:08:48,229 - INFO - ✅ Saved: ADC-P-125 | CAS: 151519-02-7 | Name: Pironetin (
2026-01-27 12:08:48,235 - INFO - 💤 Sleeping 14.6s (Safety Delay)...
2026-01-27 12:09:02,832 - INFO - Processing: https://www.creative-biolabs.com/adc/podophyllotoxin-828.htm
2026-01-27 12:09:16,347 - INFO - ✅ Saved: ADC-P-126 | CAS: 518-28-5 | Name: Podophyllotoxin (
2026-01-27 12:09:16,354 - INFO - 💤 Sleeping 15.8s (Safety Delay)...
2026-01-27 12:09:32,120 - INFO - Processing: https://www.creative-biolabs.com/adc/polyketomycin-829.htm
2026-01-27 12:09:45,301 - INFO - ✅ Saved: ADC-P-127 | CAS: 200625-47-4 | Name: Polyketomycin (
2026-01-27 12:09:45,308 - INFO - 💤 Sleeping 15.6s (Safety Delay)...
2026-01-27 12:10:00,930 - INFO - Processing: https://www.creative-biolabs.com/adc/pseudolaric-acid-b-830.htm
2026-01-27 12:10:13,954 - INFO - ✅ Saved: ADC-P-128 | CAS: 82508-31-4 | Name: Pseudolaric acid B (
2026-01-27 12:10:13,960 - INFO - 💤 Sleeping 13.6s (Safety Delay)...
